2022-08-12 17:57:56,637 INFO org.springframework.boot.StartupInfoLogger [main] Starting CheckBalanceApplication using Java 1.8.0_65 on DEV-Ahmedabbas with PID 8944 (E:\workspace\check-balance\target\classes started by DEV in E:\workspace\check-balance)
2022-08-12 17:57:56,650 INFO org.springframework.boot.SpringApplication [main] No active profile set, falling back to 1 default profile: "default"
2022-08-12 17:57:57,354 INFO org.springframework.data.repository.config.RepositoryConfigurationDelegate [main] Bootstrapping Spring Data JPA repositories in DEFAULT mode.
2022-08-12 17:57:57,403 INFO org.springframework.data.repository.config.RepositoryConfigurationDelegate [main] Finished Spring Data repository scanning in 39 ms. Found 1 JPA repository interfaces.
2022-08-12 17:57:58,030 INFO org.springframework.boot.web.embedded.tomcat.TomcatWebServer [main] Tomcat initialized with port(s): 7071 (http)
2022-08-12 17:57:58,041 INFO org.apache.juli.logging.DirectJDKLog [main] Initializing ProtocolHandler ["http-nio-7071"]
2022-08-12 17:57:58,042 INFO org.apache.juli.logging.DirectJDKLog [main] Starting service [Tomcat]
2022-08-12 17:57:58,042 INFO org.apache.juli.logging.DirectJDKLog [main] Starting Servlet engine: [Apache Tomcat/9.0.58]
2022-08-12 17:57:58,130 INFO org.apache.juli.logging.DirectJDKLog [main] Initializing Spring embedded WebApplicationContext
2022-08-12 17:57:58,130 INFO org.springframework.boot.web.servlet.context.ServletWebServerApplicationContext [main] Root WebApplicationContext: initialization completed in 1423 ms
2022-08-12 17:57:58,456 INFO com.zaxxer.hikari.HikariDataSource [main] HikariPool-1 - Starting...
2022-08-12 17:57:58,660 INFO com.zaxxer.hikari.HikariDataSource [main] HikariPool-1 - Start completed.
2022-08-12 17:57:58,710 INFO org.hibernate.jpa.internal.util.LogHelper [main] HHH000204: Processing PersistenceUnitInfo [name: default]
2022-08-12 17:57:58,821 INFO org.hibernate.Version [main] HHH000412: Hibernate ORM core version 5.6.5.Final
2022-08-12 17:57:59,033 INFO org.hibernate.annotations.common.reflection.java.JavaReflectionManager [main] HCANN000001: Hibernate Commons Annotations {5.1.2.Final}
2022-08-12 17:57:59,190 INFO org.hibernate.dialect.Dialect [main] HHH000400: Using dialect: org.hibernate.dialect.Oracle10gDialect
2022-08-12 17:57:59,866 INFO org.hibernate.engine.transaction.jta.platform.internal.JtaPlatformInitiator [main] HHH000490: Using JtaPlatform implementation: [org.hibernate.engine.transaction.jta.platform.internal.NoJtaPlatform]
2022-08-12 17:57:59,874 INFO org.springframework.orm.jpa.AbstractEntityManagerFactoryBean [main] Initialized JPA EntityManagerFactory for persistence unit 'default'
2022-08-12 17:57:59,883 WARN org.springframework.context.support.AbstractApplicationContext [main] Exception encountered during context initialization - cancelling refresh attempt: org.springframework.beans.factory.UnsatisfiedDependencyException: Error creating bean with name 'balanceController': Unsatisfied dependency expressed through field 'balanceService'; nested exception is org.springframework.beans.factory.BeanCreationException: Error creating bean with name 'balanceService' defined in file [E:\workspace\check-balance\target\classes\com\sales\ccg\checkBalance\service\BalanceService.class]: Instantiation of bean failed; nested exception is org.springframework.beans.BeanInstantiationException: Failed to instantiate [com.sales.ccg.checkBalance.service.BalanceService]: Constructor threw exception; nested exception is java.lang.Error: Unresolved compilation problems: 
	The method getSku() is undefined for the type ProductStockDTO
	The method getQuantity() is undefined for the type ProductStockDTO
	The method getQuantity() is undefined for the type ProductStockDTO
	The method getSku() is undefined for the type ProductStockDTO
	The method setHasStock(boolean) is undefined for the type ProductStatusDTO
	The method getSku() is undefined for the type ProductStockDTO
	The method setHasStock(boolean) is undefined for the type ProductStatusDTO
	The method setProductList(List<ProductStatusDTO>) is undefined for the type PayloadDTO

2022-08-12 17:57:59,884 INFO org.springframework.orm.jpa.AbstractEntityManagerFactoryBean [main] Closing JPA EntityManagerFactory for persistence unit 'default'
2022-08-12 17:57:59,886 INFO com.zaxxer.hikari.HikariDataSource [main] HikariPool-1 - Shutdown initiated...
2022-08-12 17:57:59,904 INFO com.zaxxer.hikari.HikariDataSource [main] HikariPool-1 - Shutdown completed.
2022-08-12 17:57:59,906 INFO org.apache.juli.logging.DirectJDKLog [main] Stopping service [Tomcat]
2022-08-12 17:57:59,914 INFO org.springframework.boot.autoconfigure.logging.ConditionEvaluationReportLoggingListener [main] 

Error starting ApplicationContext. To display the conditions report re-run your application with 'debug' enabled.
2022-08-12 17:57:59,952 ERROR org.springframework.boot.SpringApplication [main] Application run failed
org.springframework.beans.factory.UnsatisfiedDependencyException: Error creating bean with name 'balanceController': Unsatisfied dependency expressed through field 'balanceService'; nested exception is org.springframework.beans.factory.BeanCreationException: Error creating bean with name 'balanceService' defined in file [E:\workspace\check-balance\target\classes\com\sales\ccg\checkBalance\service\BalanceService.class]: Instantiation of bean failed; nested exception is org.springframework.beans.BeanInstantiationException: Failed to instantiate [com.sales.ccg.checkBalance.service.BalanceService]: Constructor threw exception; nested exception is java.lang.Error: Unresolved compilation problems: 
	The method getSku() is undefined for the type ProductStockDTO
	The method getQuantity() is undefined for the type ProductStockDTO
	The method getQuantity() is undefined for the type ProductStockDTO
	The method getSku() is undefined for the type ProductStockDTO
	The method setHasStock(boolean) is undefined for the type ProductStatusDTO
	The method getSku() is undefined for the type ProductStockDTO
	The method setHasStock(boolean) is undefined for the type ProductStatusDTO
	The method setProductList(List<ProductStatusDTO>) is undefined for the type PayloadDTO

	at org.springframework.beans.factory.annotation.AutowiredAnnotationBeanPostProcessor$AutowiredFieldElement.resolveFieldValue(AutowiredAnnotationBeanPostProcessor.java:659)
	at org.springframework.beans.factory.annotation.AutowiredAnnotationBeanPostProcessor$AutowiredFieldElement.inject(AutowiredAnnotationBeanPostProcessor.java:639)
	at org.springframework.beans.factory.annotation.InjectionMetadata.inject(InjectionMetadata.java:119)
	at org.springframework.beans.factory.annotation.AutowiredAnnotationBeanPostProcessor.postProcessProperties(AutowiredAnnotationBeanPostProcessor.java:399)
	at org.springframework.beans.factory.support.AbstractAutowireCapableBeanFactory.populateBean(AbstractAutowireCapableBeanFactory.java:1431)
	at org.springframework.beans.factory.support.AbstractAutowireCapableBeanFactory.doCreateBean(AbstractAutowireCapableBeanFactory.java:619)
	at org.springframework.beans.factory.support.AbstractAutowireCapableBeanFactory.createBean(AbstractAutowireCapableBeanFactory.java:542)
	at org.springframework.beans.factory.support.AbstractBeanFactory.lambda$doGetBean$0(AbstractBeanFactory.java:335)
	at org.springframework.beans.factory.support.DefaultSingletonBeanRegistry.getSingleton(DefaultSingletonBeanRegistry.java:234)
	at org.springframework.beans.factory.support.AbstractBeanFactory.doGetBean(AbstractBeanFactory.java:333)
	at org.springframework.beans.factory.support.AbstractBeanFactory.getBean(AbstractBeanFactory.java:208)
	at org.springframework.beans.factory.support.DefaultListableBeanFactory.preInstantiateSingletons(DefaultListableBeanFactory.java:953)
	at org.springframework.context.support.AbstractApplicationContext.finishBeanFactoryInitialization(AbstractApplicationContext.java:918)
	at org.springframework.context.support.AbstractApplicationContext.refresh(AbstractApplicationContext.java:583)
	at org.springframework.boot.web.servlet.context.ServletWebServerApplicationContext.refresh(ServletWebServerApplicationContext.java:145)
	at org.springframework.boot.SpringApplication.refresh(SpringApplication.java:740)
	at org.springframework.boot.SpringApplication.refreshContext(SpringApplication.java:415)
	at org.springframework.boot.SpringApplication.run(SpringApplication.java:303)
	at org.springframework.boot.SpringApplication.run(SpringApplication.java:1312)
	at org.springframework.boot.SpringApplication.run(SpringApplication.java:1301)
	at com.sales.ccg.checkBalance.CheckBalanceApplication.main(CheckBalanceApplication.java:10)
Caused by: org.springframework.beans.factory.BeanCreationException: Error creating bean with name 'balanceService' defined in file [E:\workspace\check-balance\target\classes\com\sales\ccg\checkBalance\service\BalanceService.class]: Instantiation of bean failed; nested exception is org.springframework.beans.BeanInstantiationException: Failed to instantiate [com.sales.ccg.checkBalance.service.BalanceService]: Constructor threw exception; nested exception is java.lang.Error: Unresolved compilation problems: 
	The method getSku() is undefined for the type ProductStockDTO
	The method getQuantity() is undefined for the type ProductStockDTO
	The method getQuantity() is undefined for the type ProductStockDTO
	The method getSku() is undefined for the type ProductStockDTO
	The method setHasStock(boolean) is undefined for the type ProductStatusDTO
	The method getSku() is undefined for the type ProductStockDTO
	The method setHasStock(boolean) is undefined for the type ProductStatusDTO
	The method setProductList(List<ProductStatusDTO>) is undefined for the type PayloadDTO

	at org.springframework.beans.factory.support.AbstractAutowireCapableBeanFactory.instantiateBean(AbstractAutowireCapableBeanFactory.java:1334)
	at org.springframework.beans.factory.support.AbstractAutowireCapableBeanFactory.createBeanInstance(AbstractAutowireCapableBeanFactory.java:1232)
	at org.springframework.beans.factory.support.AbstractAutowireCapableBeanFactory.doCreateBean(AbstractAutowireCapableBeanFactory.java:582)
	at org.springframework.beans.factory.support.AbstractAutowireCapableBeanFactory.createBean(AbstractAutowireCapableBeanFactory.java:542)
	at org.springframework.beans.factory.support.AbstractBeanFactory.lambda$doGetBean$0(AbstractBeanFactory.java:335)
	at org.springframework.beans.factory.support.DefaultSingletonBeanRegistry.getSingleton(DefaultSingletonBeanRegistry.java:234)
	at org.springframework.beans.factory.support.AbstractBeanFactory.doGetBean(AbstractBeanFactory.java:333)
	at org.springframework.beans.factory.support.AbstractBeanFactory.getBean(AbstractBeanFactory.java:208)
	at org.springframework.beans.factory.config.DependencyDescriptor.resolveCandidate(DependencyDescriptor.java:276)
	at org.springframework.beans.factory.support.DefaultListableBeanFactory.doResolveDependency(DefaultListableBeanFactory.java:1389)
	at org.springframework.beans.factory.support.DefaultListableBeanFactory.resolveDependency(DefaultListableBeanFactory.java:1309)
	at org.springframework.beans.factory.annotation.AutowiredAnnotationBeanPostProcessor$AutowiredFieldElement.resolveFieldValue(AutowiredAnnotationBeanPostProcessor.java:656)
	... 20 common frames omitted
Caused by: org.springframework.beans.BeanInstantiationException: Failed to instantiate [com.sales.ccg.checkBalance.service.BalanceService]: Constructor threw exception; nested exception is java.lang.Error: Unresolved compilation problems: 
	The method getSku() is undefined for the type ProductStockDTO
	The method getQuantity() is undefined for the type ProductStockDTO
	The method getQuantity() is undefined for the type ProductStockDTO
	The method getSku() is undefined for the type ProductStockDTO
	The method setHasStock(boolean) is undefined for the type ProductStatusDTO
	The method getSku() is undefined for the type ProductStockDTO
	The method setHasStock(boolean) is undefined for the type ProductStatusDTO
	The method setProductList(List<ProductStatusDTO>) is undefined for the type PayloadDTO

	at org.springframework.beans.BeanUtils.instantiateClass(BeanUtils.java:224)
	at org.springframework.beans.factory.support.SimpleInstantiationStrategy.instantiate(SimpleInstantiationStrategy.java:87)
	at org.springframework.beans.factory.support.AbstractAutowireCapableBeanFactory.instantiateBean(AbstractAutowireCapableBeanFactory.java:1326)
	... 31 common frames omitted
Caused by: java.lang.Error: Unresolved compilation problems: 
	The method getSku() is undefined for the type ProductStockDTO
	The method getQuantity() is undefined for the type ProductStockDTO
	The method getQuantity() is undefined for the type ProductStockDTO
	The method getSku() is undefined for the type ProductStockDTO
	The method setHasStock(boolean) is undefined for the type ProductStatusDTO
	The method getSku() is undefined for the type ProductStockDTO
	The method setHasStock(boolean) is undefined for the type ProductStatusDTO
	The method setProductList(List<ProductStatusDTO>) is undefined for the type PayloadDTO

	at com.sales.ccg.checkBalance.service.BalanceService.<init>(BalanceService.java:30)
	at sun.reflect.NativeConstructorAccessorImpl.newInstance0(Native Method)
	at sun.reflect.NativeConstructorAccessorImpl.newInstance(NativeConstructorAccessorImpl.java:62)
	at sun.reflect.DelegatingConstructorAccessorImpl.newInstance(DelegatingConstructorAccessorImpl.java:45)
	at java.lang.reflect.Constructor.newInstance(Constructor.java:422)
	at org.springframework.beans.BeanUtils.instantiateClass(BeanUtils.java:211)
	... 33 common frames omitted
2022-08-12 18:05:20,593 INFO org.springframework.boot.StartupInfoLogger [main] Starting CheckBalanceApplication using Java 1.8.0_65 on DEV-Ahmedabbas with PID 1364 (E:\workspace\check-balance\target\classes started by DEV in E:\workspace\check-balance)
2022-08-12 18:05:20,596 INFO org.springframework.boot.SpringApplication [main] No active profile set, falling back to 1 default profile: "default"
2022-08-12 18:05:21,111 INFO org.springframework.data.repository.config.RepositoryConfigurationDelegate [main] Bootstrapping Spring Data JPA repositories in DEFAULT mode.
2022-08-12 18:05:21,172 INFO org.springframework.data.repository.config.RepositoryConfigurationDelegate [main] Finished Spring Data repository scanning in 53 ms. Found 1 JPA repository interfaces.
2022-08-12 18:05:21,689 INFO org.springframework.boot.web.embedded.tomcat.TomcatWebServer [main] Tomcat initialized with port(s): 7071 (http)
2022-08-12 18:05:21,698 INFO org.apache.juli.logging.DirectJDKLog [main] Initializing ProtocolHandler ["http-nio-7071"]
2022-08-12 18:05:21,698 INFO org.apache.juli.logging.DirectJDKLog [main] Starting service [Tomcat]
2022-08-12 18:05:21,698 INFO org.apache.juli.logging.DirectJDKLog [main] Starting Servlet engine: [Apache Tomcat/9.0.58]
2022-08-12 18:05:21,777 INFO org.apache.juli.logging.DirectJDKLog [main] Initializing Spring embedded WebApplicationContext
2022-08-12 18:05:21,777 INFO org.springframework.boot.web.servlet.context.ServletWebServerApplicationContext [main] Root WebApplicationContext: initialization completed in 1128 ms
2022-08-12 18:05:21,980 INFO com.zaxxer.hikari.HikariDataSource [main] HikariPool-1 - Starting...
2022-08-12 18:05:22,194 INFO com.zaxxer.hikari.HikariDataSource [main] HikariPool-1 - Start completed.
2022-08-12 18:05:22,234 INFO org.hibernate.jpa.internal.util.LogHelper [main] HHH000204: Processing PersistenceUnitInfo [name: default]
2022-08-12 18:05:22,280 INFO org.hibernate.Version [main] HHH000412: Hibernate ORM core version 5.6.5.Final
2022-08-12 18:05:22,432 INFO org.hibernate.annotations.common.reflection.java.JavaReflectionManager [main] HCANN000001: Hibernate Commons Annotations {5.1.2.Final}
2022-08-12 18:05:22,535 INFO org.hibernate.dialect.Dialect [main] HHH000400: Using dialect: org.hibernate.dialect.Oracle10gDialect
2022-08-12 18:05:23,073 INFO org.hibernate.engine.transaction.jta.platform.internal.JtaPlatformInitiator [main] HHH000490: Using JtaPlatform implementation: [org.hibernate.engine.transaction.jta.platform.internal.NoJtaPlatform]
2022-08-12 18:05:23,081 INFO org.springframework.orm.jpa.AbstractEntityManagerFactoryBean [main] Initialized JPA EntityManagerFactory for persistence unit 'default'
2022-08-12 18:05:23,092 WARN org.springframework.context.support.AbstractApplicationContext [main] Exception encountered during context initialization - cancelling refresh attempt: org.springframework.beans.factory.UnsatisfiedDependencyException: Error creating bean with name 'balanceController': Unsatisfied dependency expressed through field 'balanceService'; nested exception is org.springframework.beans.factory.BeanCreationException: Error creating bean with name 'balanceService' defined in file [E:\workspace\check-balance\target\classes\com\sales\ccg\checkBalance\service\BalanceService.class]: Instantiation of bean failed; nested exception is org.springframework.beans.BeanInstantiationException: Failed to instantiate [com.sales.ccg.checkBalance.service.BalanceService]: Constructor threw exception; nested exception is java.lang.Error: Unresolved compilation problems: 
	The method getSku() is undefined for the type ProductStockDTO
	The method getQuantity() is undefined for the type ProductStockDTO
	The method getQuantity() is undefined for the type ProductStockDTO
	The method getSku() is undefined for the type ProductStockDTO
	The method getSku() is undefined for the type ProductStockDTO
	The method setProductList(List<ProductStatusDTO>) is undefined for the type PayloadDTO

2022-08-12 18:05:23,093 INFO org.springframework.orm.jpa.AbstractEntityManagerFactoryBean [main] Closing JPA EntityManagerFactory for persistence unit 'default'
2022-08-12 18:05:23,095 INFO com.zaxxer.hikari.HikariDataSource [main] HikariPool-1 - Shutdown initiated...
2022-08-12 18:05:23,109 INFO com.zaxxer.hikari.HikariDataSource [main] HikariPool-1 - Shutdown completed.
2022-08-12 18:05:23,111 INFO org.apache.juli.logging.DirectJDKLog [main] Stopping service [Tomcat]
2022-08-12 18:05:23,118 INFO org.springframework.boot.autoconfigure.logging.ConditionEvaluationReportLoggingListener [main] 

Error starting ApplicationContext. To display the conditions report re-run your application with 'debug' enabled.
2022-08-12 18:05:23,134 ERROR org.springframework.boot.SpringApplication [main] Application run failed
org.springframework.beans.factory.UnsatisfiedDependencyException: Error creating bean with name 'balanceController': Unsatisfied dependency expressed through field 'balanceService'; nested exception is org.springframework.beans.factory.BeanCreationException: Error creating bean with name 'balanceService' defined in file [E:\workspace\check-balance\target\classes\com\sales\ccg\checkBalance\service\BalanceService.class]: Instantiation of bean failed; nested exception is org.springframework.beans.BeanInstantiationException: Failed to instantiate [com.sales.ccg.checkBalance.service.BalanceService]: Constructor threw exception; nested exception is java.lang.Error: Unresolved compilation problems: 
	The method getSku() is undefined for the type ProductStockDTO
	The method getQuantity() is undefined for the type ProductStockDTO
	The method getQuantity() is undefined for the type ProductStockDTO
	The method getSku() is undefined for the type ProductStockDTO
	The method getSku() is undefined for the type ProductStockDTO
	The method setProductList(List<ProductStatusDTO>) is undefined for the type PayloadDTO

	at org.springframework.beans.factory.annotation.AutowiredAnnotationBeanPostProcessor$AutowiredFieldElement.resolveFieldValue(AutowiredAnnotationBeanPostProcessor.java:659)
	at org.springframework.beans.factory.annotation.AutowiredAnnotationBeanPostProcessor$AutowiredFieldElement.inject(AutowiredAnnotationBeanPostProcessor.java:639)
	at org.springframework.beans.factory.annotation.InjectionMetadata.inject(InjectionMetadata.java:119)
	at org.springframework.beans.factory.annotation.AutowiredAnnotationBeanPostProcessor.postProcessProperties(AutowiredAnnotationBeanPostProcessor.java:399)
	at org.springframework.beans.factory.support.AbstractAutowireCapableBeanFactory.populateBean(AbstractAutowireCapableBeanFactory.java:1431)
	at org.springframework.beans.factory.support.AbstractAutowireCapableBeanFactory.doCreateBean(AbstractAutowireCapableBeanFactory.java:619)
	at org.springframework.beans.factory.support.AbstractAutowireCapableBeanFactory.createBean(AbstractAutowireCapableBeanFactory.java:542)
	at org.springframework.beans.factory.support.AbstractBeanFactory.lambda$doGetBean$0(AbstractBeanFactory.java:335)
	at org.springframework.beans.factory.support.DefaultSingletonBeanRegistry.getSingleton(DefaultSingletonBeanRegistry.java:234)
	at org.springframework.beans.factory.support.AbstractBeanFactory.doGetBean(AbstractBeanFactory.java:333)
	at org.springframework.beans.factory.support.AbstractBeanFactory.getBean(AbstractBeanFactory.java:208)
	at org.springframework.beans.factory.support.DefaultListableBeanFactory.preInstantiateSingletons(DefaultListableBeanFactory.java:953)
	at org.springframework.context.support.AbstractApplicationContext.finishBeanFactoryInitialization(AbstractApplicationContext.java:918)
	at org.springframework.context.support.AbstractApplicationContext.refresh(AbstractApplicationContext.java:583)
	at org.springframework.boot.web.servlet.context.ServletWebServerApplicationContext.refresh(ServletWebServerApplicationContext.java:145)
	at org.springframework.boot.SpringApplication.refresh(SpringApplication.java:740)
	at org.springframework.boot.SpringApplication.refreshContext(SpringApplication.java:415)
	at org.springframework.boot.SpringApplication.run(SpringApplication.java:303)
	at org.springframework.boot.SpringApplication.run(SpringApplication.java:1312)
	at org.springframework.boot.SpringApplication.run(SpringApplication.java:1301)
	at com.sales.ccg.checkBalance.CheckBalanceApplication.main(CheckBalanceApplication.java:10)
Caused by: org.springframework.beans.factory.BeanCreationException: Error creating bean with name 'balanceService' defined in file [E:\workspace\check-balance\target\classes\com\sales\ccg\checkBalance\service\BalanceService.class]: Instantiation of bean failed; nested exception is org.springframework.beans.BeanInstantiationException: Failed to instantiate [com.sales.ccg.checkBalance.service.BalanceService]: Constructor threw exception; nested exception is java.lang.Error: Unresolved compilation problems: 
	The method getSku() is undefined for the type ProductStockDTO
	The method getQuantity() is undefined for the type ProductStockDTO
	The method getQuantity() is undefined for the type ProductStockDTO
	The method getSku() is undefined for the type ProductStockDTO
	The method getSku() is undefined for the type ProductStockDTO
	The method setProductList(List<ProductStatusDTO>) is undefined for the type PayloadDTO

	at org.springframework.beans.factory.support.AbstractAutowireCapableBeanFactory.instantiateBean(AbstractAutowireCapableBeanFactory.java:1334)
	at org.springframework.beans.factory.support.AbstractAutowireCapableBeanFactory.createBeanInstance(AbstractAutowireCapableBeanFactory.java:1232)
	at org.springframework.beans.factory.support.AbstractAutowireCapableBeanFactory.doCreateBean(AbstractAutowireCapableBeanFactory.java:582)
	at org.springframework.beans.factory.support.AbstractAutowireCapableBeanFactory.createBean(AbstractAutowireCapableBeanFactory.java:542)
	at org.springframework.beans.factory.support.AbstractBeanFactory.lambda$doGetBean$0(AbstractBeanFactory.java:335)
	at org.springframework.beans.factory.support.DefaultSingletonBeanRegistry.getSingleton(DefaultSingletonBeanRegistry.java:234)
	at org.springframework.beans.factory.support.AbstractBeanFactory.doGetBean(AbstractBeanFactory.java:333)
	at org.springframework.beans.factory.support.AbstractBeanFactory.getBean(AbstractBeanFactory.java:208)
	at org.springframework.beans.factory.config.DependencyDescriptor.resolveCandidate(DependencyDescriptor.java:276)
	at org.springframework.beans.factory.support.DefaultListableBeanFactory.doResolveDependency(DefaultListableBeanFactory.java:1389)
	at org.springframework.beans.factory.support.DefaultListableBeanFactory.resolveDependency(DefaultListableBeanFactory.java:1309)
	at org.springframework.beans.factory.annotation.AutowiredAnnotationBeanPostProcessor$AutowiredFieldElement.resolveFieldValue(AutowiredAnnotationBeanPostProcessor.java:656)
	... 20 common frames omitted
Caused by: org.springframework.beans.BeanInstantiationException: Failed to instantiate [com.sales.ccg.checkBalance.service.BalanceService]: Constructor threw exception; nested exception is java.lang.Error: Unresolved compilation problems: 
	The method getSku() is undefined for the type ProductStockDTO
	The method getQuantity() is undefined for the type ProductStockDTO
	The method getQuantity() is undefined for the type ProductStockDTO
	The method getSku() is undefined for the type ProductStockDTO
	The method getSku() is undefined for the type ProductStockDTO
	The method setProductList(List<ProductStatusDTO>) is undefined for the type PayloadDTO

	at org.springframework.beans.BeanUtils.instantiateClass(BeanUtils.java:224)
	at org.springframework.beans.factory.support.SimpleInstantiationStrategy.instantiate(SimpleInstantiationStrategy.java:87)
	at org.springframework.beans.factory.support.AbstractAutowireCapableBeanFactory.instantiateBean(AbstractAutowireCapableBeanFactory.java:1326)
	... 31 common frames omitted
Caused by: java.lang.Error: Unresolved compilation problems: 
	The method getSku() is undefined for the type ProductStockDTO
	The method getQuantity() is undefined for the type ProductStockDTO
	The method getQuantity() is undefined for the type ProductStockDTO
	The method getSku() is undefined for the type ProductStockDTO
	The method getSku() is undefined for the type ProductStockDTO
	The method setProductList(List<ProductStatusDTO>) is undefined for the type PayloadDTO

	at com.sales.ccg.checkBalance.service.BalanceService.<init>(BalanceService.java:30)
	at sun.reflect.NativeConstructorAccessorImpl.newInstance0(Native Method)
	at sun.reflect.NativeConstructorAccessorImpl.newInstance(NativeConstructorAccessorImpl.java:62)
	at sun.reflect.DelegatingConstructorAccessorImpl.newInstance(DelegatingConstructorAccessorImpl.java:45)
	at java.lang.reflect.Constructor.newInstance(Constructor.java:422)
	at org.springframework.beans.BeanUtils.instantiateClass(BeanUtils.java:211)
	... 33 common frames omitted
2022-08-12 18:06:45,815 INFO org.springframework.boot.StartupInfoLogger [main] Starting CheckBalanceApplication using Java 1.8.0_65 on DEV-Ahmedabbas with PID 9540 (E:\workspace\check-balance\target\classes started by DEV in E:\workspace\check-balance)
2022-08-12 18:06:45,819 INFO org.springframework.boot.SpringApplication [main] No active profile set, falling back to 1 default profile: "default"
2022-08-12 18:06:46,333 INFO org.springframework.data.repository.config.RepositoryConfigurationDelegate [main] Bootstrapping Spring Data JPA repositories in DEFAULT mode.
2022-08-12 18:06:46,376 INFO org.springframework.data.repository.config.RepositoryConfigurationDelegate [main] Finished Spring Data repository scanning in 35 ms. Found 1 JPA repository interfaces.
2022-08-12 18:06:46,917 INFO org.springframework.boot.web.embedded.tomcat.TomcatWebServer [main] Tomcat initialized with port(s): 7071 (http)
2022-08-12 18:06:46,926 INFO org.apache.juli.logging.DirectJDKLog [main] Initializing ProtocolHandler ["http-nio-7071"]
2022-08-12 18:06:46,926 INFO org.apache.juli.logging.DirectJDKLog [main] Starting service [Tomcat]
2022-08-12 18:06:46,926 INFO org.apache.juli.logging.DirectJDKLog [main] Starting Servlet engine: [Apache Tomcat/9.0.58]
2022-08-12 18:06:47,006 INFO org.apache.juli.logging.DirectJDKLog [main] Initializing Spring embedded WebApplicationContext
2022-08-12 18:06:47,007 INFO org.springframework.boot.web.servlet.context.ServletWebServerApplicationContext [main] Root WebApplicationContext: initialization completed in 1134 ms
2022-08-12 18:06:47,216 INFO com.zaxxer.hikari.HikariDataSource [main] HikariPool-1 - Starting...
2022-08-12 18:06:47,390 INFO com.zaxxer.hikari.HikariDataSource [main] HikariPool-1 - Start completed.
2022-08-12 18:06:47,429 INFO org.hibernate.jpa.internal.util.LogHelper [main] HHH000204: Processing PersistenceUnitInfo [name: default]
2022-08-12 18:06:47,477 INFO org.hibernate.Version [main] HHH000412: Hibernate ORM core version 5.6.5.Final
2022-08-12 18:06:47,631 INFO org.hibernate.annotations.common.reflection.java.JavaReflectionManager [main] HCANN000001: Hibernate Commons Annotations {5.1.2.Final}
2022-08-12 18:06:47,740 INFO org.hibernate.dialect.Dialect [main] HHH000400: Using dialect: org.hibernate.dialect.Oracle10gDialect
2022-08-12 18:06:48,285 INFO org.hibernate.engine.transaction.jta.platform.internal.JtaPlatformInitiator [main] HHH000490: Using JtaPlatform implementation: [org.hibernate.engine.transaction.jta.platform.internal.NoJtaPlatform]
2022-08-12 18:06:48,293 INFO org.springframework.orm.jpa.AbstractEntityManagerFactoryBean [main] Initialized JPA EntityManagerFactory for persistence unit 'default'
2022-08-12 18:06:48,683 WARN org.springframework.boot.autoconfigure.orm.jpa.JpaBaseConfiguration$JpaWebConfiguration [main] spring.jpa.open-in-view is enabled by default. Therefore, database queries may be performed during view rendering. Explicitly configure spring.jpa.open-in-view to disable this warning
2022-08-12 18:06:48,995 INFO org.apache.juli.logging.DirectJDKLog [main] Starting ProtocolHandler ["http-nio-7071"]
2022-08-12 18:06:49,024 INFO org.springframework.boot.web.embedded.tomcat.TomcatWebServer [main] Tomcat started on port(s): 7071 (http) with context path ''
2022-08-12 18:06:49,030 INFO org.springframework.boot.StartupInfoLogger [main] Started CheckBalanceApplication in 3.68 seconds (JVM running for 3.986)
2022-08-12 18:37:14,890 INFO org.apache.juli.logging.DirectJDKLog [http-nio-7071-exec-1] Initializing Spring DispatcherServlet 'dispatcherServlet'
2022-08-12 18:37:14,890 INFO org.springframework.web.servlet.FrameworkServlet [http-nio-7071-exec-1] Initializing Servlet 'dispatcherServlet'
2022-08-12 18:37:14,891 INFO org.springframework.web.servlet.FrameworkServlet [http-nio-7071-exec-1] Completed initialization in 1 ms
2022-08-12 18:40:07,529 INFO org.springframework.boot.StartupInfoLogger [main] Starting CheckBalanceApplication using Java 1.8.0_65 on DEV-Ahmedabbas with PID 9288 (E:\workspace\check-balance\target\classes started by DEV in E:\workspace\check-balance)
2022-08-12 18:40:07,533 INFO org.springframework.boot.SpringApplication [main] No active profile set, falling back to 1 default profile: "default"
2022-08-12 18:40:08,050 INFO org.springframework.data.repository.config.RepositoryConfigurationDelegate [main] Bootstrapping Spring Data JPA repositories in DEFAULT mode.
2022-08-12 18:40:08,094 INFO org.springframework.data.repository.config.RepositoryConfigurationDelegate [main] Finished Spring Data repository scanning in 35 ms. Found 1 JPA repository interfaces.
2022-08-12 18:40:08,633 INFO org.springframework.boot.web.embedded.tomcat.TomcatWebServer [main] Tomcat initialized with port(s): 7071 (http)
2022-08-12 18:40:08,643 INFO org.apache.juli.logging.DirectJDKLog [main] Initializing ProtocolHandler ["http-nio-7071"]
2022-08-12 18:40:08,643 INFO org.apache.juli.logging.DirectJDKLog [main] Starting service [Tomcat]
2022-08-12 18:40:08,643 INFO org.apache.juli.logging.DirectJDKLog [main] Starting Servlet engine: [Apache Tomcat/9.0.58]
2022-08-12 18:40:08,723 INFO org.apache.juli.logging.DirectJDKLog [main] Initializing Spring embedded WebApplicationContext
2022-08-12 18:40:08,723 INFO org.springframework.boot.web.servlet.context.ServletWebServerApplicationContext [main] Root WebApplicationContext: initialization completed in 1134 ms
2022-08-12 18:40:08,932 INFO com.zaxxer.hikari.HikariDataSource [main] HikariPool-1 - Starting...
2022-08-12 18:40:09,099 INFO com.zaxxer.hikari.HikariDataSource [main] HikariPool-1 - Start completed.
2022-08-12 18:40:09,143 INFO org.hibernate.jpa.internal.util.LogHelper [main] HHH000204: Processing PersistenceUnitInfo [name: default]
2022-08-12 18:40:09,193 INFO org.hibernate.Version [main] HHH000412: Hibernate ORM core version 5.6.5.Final
2022-08-12 18:40:09,349 INFO org.hibernate.annotations.common.reflection.java.JavaReflectionManager [main] HCANN000001: Hibernate Commons Annotations {5.1.2.Final}
2022-08-12 18:40:09,451 INFO org.hibernate.dialect.Dialect [main] HHH000400: Using dialect: org.hibernate.dialect.Oracle10gDialect
2022-08-12 18:40:09,998 INFO org.hibernate.engine.transaction.jta.platform.internal.JtaPlatformInitiator [main] HHH000490: Using JtaPlatform implementation: [org.hibernate.engine.transaction.jta.platform.internal.NoJtaPlatform]
2022-08-12 18:40:10,006 INFO org.springframework.orm.jpa.AbstractEntityManagerFactoryBean [main] Initialized JPA EntityManagerFactory for persistence unit 'default'
2022-08-12 18:40:10,282 WARN org.springframework.boot.autoconfigure.orm.jpa.JpaBaseConfiguration$JpaWebConfiguration [main] spring.jpa.open-in-view is enabled by default. Therefore, database queries may be performed during view rendering. Explicitly configure spring.jpa.open-in-view to disable this warning
2022-08-12 18:40:10,531 INFO org.apache.juli.logging.DirectJDKLog [main] Starting ProtocolHandler ["http-nio-7071"]
2022-08-12 18:40:10,549 INFO org.springframework.boot.web.embedded.tomcat.TomcatWebServer [main] Tomcat started on port(s): 7071 (http) with context path ''
2022-08-12 18:40:10,555 INFO org.springframework.boot.StartupInfoLogger [main] Started CheckBalanceApplication in 3.487 seconds (JVM running for 3.797)
2022-08-12 18:41:39,090 INFO org.springframework.boot.StartupInfoLogger [main] Starting CheckBalanceApplication using Java 1.8.0_65 on DEV-Ahmedabbas with PID 4824 (E:\workspace\check-balance\target\classes started by DEV in E:\workspace\check-balance)
2022-08-12 18:41:39,093 INFO org.springframework.boot.SpringApplication [main] No active profile set, falling back to 1 default profile: "default"
2022-08-12 18:41:39,625 INFO org.springframework.data.repository.config.RepositoryConfigurationDelegate [main] Bootstrapping Spring Data JPA repositories in DEFAULT mode.
2022-08-12 18:41:39,670 INFO org.springframework.data.repository.config.RepositoryConfigurationDelegate [main] Finished Spring Data repository scanning in 36 ms. Found 1 JPA repository interfaces.
2022-08-12 18:41:40,220 INFO org.springframework.boot.web.embedded.tomcat.TomcatWebServer [main] Tomcat initialized with port(s): 7071 (http)
2022-08-12 18:41:40,229 INFO org.apache.juli.logging.DirectJDKLog [main] Initializing ProtocolHandler ["http-nio-7071"]
2022-08-12 18:41:40,230 INFO org.apache.juli.logging.DirectJDKLog [main] Starting service [Tomcat]
2022-08-12 18:41:40,230 INFO org.apache.juli.logging.DirectJDKLog [main] Starting Servlet engine: [Apache Tomcat/9.0.58]
2022-08-12 18:41:40,311 INFO org.apache.juli.logging.DirectJDKLog [main] Initializing Spring embedded WebApplicationContext
2022-08-12 18:41:40,312 INFO org.springframework.boot.web.servlet.context.ServletWebServerApplicationContext [main] Root WebApplicationContext: initialization completed in 1164 ms
2022-08-12 18:41:40,521 INFO com.zaxxer.hikari.HikariDataSource [main] HikariPool-1 - Starting...
2022-08-12 18:41:40,690 INFO com.zaxxer.hikari.HikariDataSource [main] HikariPool-1 - Start completed.
2022-08-12 18:41:40,733 INFO org.hibernate.jpa.internal.util.LogHelper [main] HHH000204: Processing PersistenceUnitInfo [name: default]
2022-08-12 18:41:40,781 INFO org.hibernate.Version [main] HHH000412: Hibernate ORM core version 5.6.5.Final
2022-08-12 18:41:40,935 INFO org.hibernate.annotations.common.reflection.java.JavaReflectionManager [main] HCANN000001: Hibernate Commons Annotations {5.1.2.Final}
2022-08-12 18:41:41,043 INFO org.hibernate.dialect.Dialect [main] HHH000400: Using dialect: org.hibernate.dialect.Oracle10gDialect
2022-08-12 18:41:41,600 INFO org.hibernate.engine.transaction.jta.platform.internal.JtaPlatformInitiator [main] HHH000490: Using JtaPlatform implementation: [org.hibernate.engine.transaction.jta.platform.internal.NoJtaPlatform]
2022-08-12 18:41:41,607 INFO org.springframework.orm.jpa.AbstractEntityManagerFactoryBean [main] Initialized JPA EntityManagerFactory for persistence unit 'default'
2022-08-12 18:41:41,900 WARN org.springframework.boot.autoconfigure.orm.jpa.JpaBaseConfiguration$JpaWebConfiguration [main] spring.jpa.open-in-view is enabled by default. Therefore, database queries may be performed during view rendering. Explicitly configure spring.jpa.open-in-view to disable this warning
2022-08-12 18:41:42,154 INFO org.apache.juli.logging.DirectJDKLog [main] Starting ProtocolHandler ["http-nio-7071"]
2022-08-12 18:41:42,173 INFO org.springframework.boot.web.embedded.tomcat.TomcatWebServer [main] Tomcat started on port(s): 7071 (http) with context path ''
2022-08-12 18:41:42,180 INFO org.springframework.boot.StartupInfoLogger [main] Started CheckBalanceApplication in 3.558 seconds (JVM running for 3.865)
2022-08-12 18:50:06,653 INFO org.springframework.boot.StartupInfoLogger [main] Starting CheckBalanceApplicationTests using Java 1.8.0_65 on DEV-Ahmedabbas with PID 11836 (started by DEV in E:\workspace\check-balance)
2022-08-12 18:50:06,655 INFO org.springframework.boot.SpringApplication [main] No active profile set, falling back to 1 default profile: "default"
2022-08-12 18:50:07,182 INFO org.springframework.data.repository.config.RepositoryConfigurationDelegate [main] Bootstrapping Spring Data JPA repositories in DEFAULT mode.
2022-08-12 18:50:07,229 INFO org.springframework.data.repository.config.RepositoryConfigurationDelegate [main] Finished Spring Data repository scanning in 40 ms. Found 1 JPA repository interfaces.
2022-08-12 18:50:07,730 INFO com.zaxxer.hikari.HikariDataSource [main] HikariPool-1 - Starting...
2022-08-12 18:50:07,993 INFO com.zaxxer.hikari.HikariDataSource [main] HikariPool-1 - Start completed.
2022-08-12 18:50:08,052 INFO org.hibernate.jpa.internal.util.LogHelper [main] HHH000204: Processing PersistenceUnitInfo [name: default]
2022-08-12 18:50:08,108 INFO org.hibernate.Version [main] HHH000412: Hibernate ORM core version 5.6.5.Final
2022-08-12 18:50:08,293 INFO org.hibernate.annotations.common.reflection.java.JavaReflectionManager [main] HCANN000001: Hibernate Commons Annotations {5.1.2.Final}
2022-08-12 18:50:08,404 INFO org.hibernate.dialect.Dialect [main] HHH000400: Using dialect: org.hibernate.dialect.Oracle10gDialect
2022-08-12 18:50:08,998 INFO org.hibernate.engine.transaction.jta.platform.internal.JtaPlatformInitiator [main] HHH000490: Using JtaPlatform implementation: [org.hibernate.engine.transaction.jta.platform.internal.NoJtaPlatform]
2022-08-12 18:50:09,007 INFO org.springframework.orm.jpa.AbstractEntityManagerFactoryBean [main] Initialized JPA EntityManagerFactory for persistence unit 'default'
2022-08-12 18:50:09,506 WARN org.springframework.boot.autoconfigure.orm.jpa.JpaBaseConfiguration$JpaWebConfiguration [main] spring.jpa.open-in-view is enabled by default. Therefore, database queries may be performed during view rendering. Explicitly configure spring.jpa.open-in-view to disable this warning
2022-08-12 18:50:10,129 INFO org.springframework.boot.StartupInfoLogger [main] Started CheckBalanceApplicationTests in 3.796 seconds (JVM running for 4.694)
2022-08-12 18:50:10,281 INFO org.springframework.orm.jpa.AbstractEntityManagerFactoryBean [SpringApplicationShutdownHook] Closing JPA EntityManagerFactory for persistence unit 'default'
2022-08-12 18:50:10,283 INFO com.zaxxer.hikari.HikariDataSource [SpringApplicationShutdownHook] HikariPool-1 - Shutdown initiated...
2022-08-12 18:50:10,297 INFO com.zaxxer.hikari.HikariDataSource [SpringApplicationShutdownHook] HikariPool-1 - Shutdown completed.
