2022-11-04 20:32:20,410 INFO org.springframework.boot.StartupInfoLogger [main] Starting CheckBalanceApplicationTests using Java 1.8.0_65 on DEV-Ahmedabbas with PID 7400 (started by DEV in E:\workspace\check-balance)
2022-11-04 20:32:20,421 INFO org.springframework.boot.SpringApplication [main] No active profile set, falling back to 1 default profile: "default"
2022-11-04 20:32:20,958 INFO org.springframework.data.repository.config.RepositoryConfigurationDelegate [main] Bootstrapping Spring Data JPA repositories in DEFAULT mode.
2022-11-04 20:32:21,004 INFO org.springframework.data.repository.config.RepositoryConfigurationDelegate [main] Finished Spring Data repository scanning in 39 ms. Found 1 JPA repository interfaces.
2022-11-04 20:32:21,542 INFO com.zaxxer.hikari.HikariDataSource [main] HikariPool-1 - Starting...
2022-11-04 20:32:21,849 INFO com.zaxxer.hikari.HikariDataSource [main] HikariPool-1 - Start completed.
2022-11-04 20:32:21,908 INFO org.hibernate.jpa.internal.util.LogHelper [main] HHH000204: Processing PersistenceUnitInfo [name: default]
2022-11-04 20:32:21,961 INFO org.hibernate.Version [main] HHH000412: Hibernate ORM core version 5.6.5.Final
2022-11-04 20:32:22,132 INFO org.hibernate.annotations.common.reflection.java.JavaReflectionManager [main] HCANN000001: Hibernate Commons Annotations {5.1.2.Final}
2022-11-04 20:32:22,242 INFO org.hibernate.dialect.Dialect [main] HHH000400: Using dialect: org.hibernate.dialect.Oracle10gDialect
2022-11-04 20:32:22,833 INFO org.hibernate.engine.transaction.jta.platform.internal.JtaPlatformInitiator [main] HHH000490: Using JtaPlatform implementation: [org.hibernate.engine.transaction.jta.platform.internal.NoJtaPlatform]
2022-11-04 20:32:22,841 INFO org.springframework.orm.jpa.AbstractEntityManagerFactoryBean [main] Initialized JPA EntityManagerFactory for persistence unit 'default'
2022-11-04 20:32:23,328 WARN org.springframework.boot.autoconfigure.orm.jpa.JpaBaseConfiguration$JpaWebConfiguration [main] spring.jpa.open-in-view is enabled by default. Therefore, database queries may be performed during view rendering. Explicitly configure spring.jpa.open-in-view to disable this warning
2022-11-04 20:32:23,899 INFO org.springframework.boot.StartupInfoLogger [main] Started CheckBalanceApplicationTests in 3.823 seconds (JVM running for 5.025)
2022-11-04 20:32:23,999 INFO org.springframework.orm.jpa.AbstractEntityManagerFactoryBean [SpringApplicationShutdownHook] Closing JPA EntityManagerFactory for persistence unit 'default'
2022-11-04 20:32:24,001 INFO com.zaxxer.hikari.HikariDataSource [SpringApplicationShutdownHook] HikariPool-1 - Shutdown initiated...
2022-11-04 20:32:24,019 INFO com.zaxxer.hikari.HikariDataSource [SpringApplicationShutdownHook] HikariPool-1 - Shutdown completed.
2022-11-04 20:53:50,946 INFO org.springframework.boot.StartupInfoLogger [main] Starting CheckBalanceApplicationTests using Java 1.8.0_65 on DEV-Ahmedabbas with PID 8528 (started by DEV in E:\workspace\check-balance)
2022-11-04 20:53:50,947 INFO org.springframework.boot.SpringApplication [main] No active profile set, falling back to 1 default profile: "default"
2022-11-04 20:53:51,520 INFO org.springframework.data.repository.config.RepositoryConfigurationDelegate [main] Bootstrapping Spring Data JPA repositories in DEFAULT mode.
2022-11-04 20:53:51,573 INFO org.springframework.data.repository.config.RepositoryConfigurationDelegate [main] Finished Spring Data repository scanning in 45 ms. Found 1 JPA repository interfaces.
2022-11-04 20:53:52,085 INFO com.zaxxer.hikari.HikariDataSource [main] HikariPool-1 - Starting...
2022-11-04 20:53:52,351 INFO com.zaxxer.hikari.HikariDataSource [main] HikariPool-1 - Start completed.
2022-11-04 20:53:52,415 INFO org.hibernate.jpa.internal.util.LogHelper [main] HHH000204: Processing PersistenceUnitInfo [name: default]
2022-11-04 20:53:52,470 INFO org.hibernate.Version [main] HHH000412: Hibernate ORM core version 5.6.5.Final
2022-11-04 20:53:52,646 INFO org.hibernate.annotations.common.reflection.java.JavaReflectionManager [main] HCANN000001: Hibernate Commons Annotations {5.1.2.Final}
2022-11-04 20:53:52,759 INFO org.hibernate.dialect.Dialect [main] HHH000400: Using dialect: org.hibernate.dialect.Oracle10gDialect
2022-11-04 20:53:53,379 INFO org.hibernate.engine.transaction.jta.platform.internal.JtaPlatformInitiator [main] HHH000490: Using JtaPlatform implementation: [org.hibernate.engine.transaction.jta.platform.internal.NoJtaPlatform]
2022-11-04 20:53:53,389 INFO org.springframework.orm.jpa.AbstractEntityManagerFactoryBean [main] Initialized JPA EntityManagerFactory for persistence unit 'default'
2022-11-04 20:53:53,902 WARN org.springframework.boot.autoconfigure.orm.jpa.JpaBaseConfiguration$JpaWebConfiguration [main] spring.jpa.open-in-view is enabled by default. Therefore, database queries may be performed during view rendering. Explicitly configure spring.jpa.open-in-view to disable this warning
2022-11-04 20:53:54,443 INFO org.springframework.boot.StartupInfoLogger [main] Started CheckBalanceApplicationTests in 3.813 seconds (JVM running for 4.642)
2022-11-04 20:53:54,548 INFO org.springframework.orm.jpa.AbstractEntityManagerFactoryBean [SpringApplicationShutdownHook] Closing JPA EntityManagerFactory for persistence unit 'default'
2022-11-04 20:53:54,550 INFO com.zaxxer.hikari.HikariDataSource [SpringApplicationShutdownHook] HikariPool-1 - Shutdown initiated...
2022-11-04 20:53:54,566 INFO com.zaxxer.hikari.HikariDataSource [SpringApplicationShutdownHook] HikariPool-1 - Shutdown completed.
2022-11-04 20:55:48,334 INFO org.springframework.boot.StartupInfoLogger [main] Starting CheckBalanceApplication using Java 1.8.0_65 on DEV-Ahmedabbas with PID 15408 (E:\workspace\check-balance\target\classes started by DEV in E:\workspace\check-balance)
2022-11-04 20:55:48,337 INFO org.springframework.boot.SpringApplication [main] No active profile set, falling back to 1 default profile: "default"
2022-11-04 20:55:48,851 INFO org.springframework.data.repository.config.RepositoryConfigurationDelegate [main] Bootstrapping Spring Data JPA repositories in DEFAULT mode.
2022-11-04 20:55:48,895 INFO org.springframework.data.repository.config.RepositoryConfigurationDelegate [main] Finished Spring Data repository scanning in 36 ms. Found 1 JPA repository interfaces.
2022-11-04 20:55:49,438 INFO org.springframework.boot.web.embedded.tomcat.TomcatWebServer [main] Tomcat initialized with port(s): 7071 (http)
2022-11-04 20:55:49,448 INFO org.apache.juli.logging.DirectJDKLog [main] Initializing ProtocolHandler ["http-nio-7071"]
2022-11-04 20:55:49,449 INFO org.apache.juli.logging.DirectJDKLog [main] Starting service [Tomcat]
2022-11-04 20:55:49,449 INFO org.apache.juli.logging.DirectJDKLog [main] Starting Servlet engine: [Apache Tomcat/9.0.58]
2022-11-04 20:55:49,531 INFO org.apache.juli.logging.DirectJDKLog [main] Initializing Spring embedded WebApplicationContext
2022-11-04 20:55:49,531 INFO org.springframework.boot.web.servlet.context.ServletWebServerApplicationContext [main] Root WebApplicationContext: initialization completed in 1141 ms
2022-11-04 20:55:49,737 INFO com.zaxxer.hikari.HikariDataSource [main] HikariPool-1 - Starting...
2022-11-04 20:55:49,903 INFO com.zaxxer.hikari.HikariDataSource [main] HikariPool-1 - Start completed.
2022-11-04 20:55:49,942 INFO org.hibernate.jpa.internal.util.LogHelper [main] HHH000204: Processing PersistenceUnitInfo [name: default]
2022-11-04 20:55:49,986 INFO org.hibernate.Version [main] HHH000412: Hibernate ORM core version 5.6.5.Final
2022-11-04 20:55:50,140 INFO org.hibernate.annotations.common.reflection.java.JavaReflectionManager [main] HCANN000001: Hibernate Commons Annotations {5.1.2.Final}
2022-11-04 20:55:50,246 INFO org.hibernate.dialect.Dialect [main] HHH000400: Using dialect: org.hibernate.dialect.Oracle10gDialect
2022-11-04 20:55:50,791 INFO org.hibernate.engine.transaction.jta.platform.internal.JtaPlatformInitiator [main] HHH000490: Using JtaPlatform implementation: [org.hibernate.engine.transaction.jta.platform.internal.NoJtaPlatform]
2022-11-04 20:55:50,799 INFO org.springframework.orm.jpa.AbstractEntityManagerFactoryBean [main] Initialized JPA EntityManagerFactory for persistence unit 'default'
2022-11-04 20:55:51,085 WARN org.springframework.boot.autoconfigure.orm.jpa.JpaBaseConfiguration$JpaWebConfiguration [main] spring.jpa.open-in-view is enabled by default. Therefore, database queries may be performed during view rendering. Explicitly configure spring.jpa.open-in-view to disable this warning
2022-11-04 20:55:51,337 INFO org.apache.juli.logging.DirectJDKLog [main] Starting ProtocolHandler ["http-nio-7071"]
2022-11-04 20:55:51,354 INFO org.springframework.boot.web.embedded.tomcat.TomcatWebServer [main] Tomcat started on port(s): 7071 (http) with context path ''
2022-11-04 20:55:51,364 INFO org.springframework.boot.StartupInfoLogger [main] Started CheckBalanceApplication in 3.45 seconds (JVM running for 3.772)
2022-11-04 20:58:16,923 INFO org.apache.juli.logging.DirectJDKLog [http-nio-7071-exec-1] Initializing Spring DispatcherServlet 'dispatcherServlet'
2022-11-04 20:58:16,924 INFO org.springframework.web.servlet.FrameworkServlet [http-nio-7071-exec-1] Initializing Servlet 'dispatcherServlet'
2022-11-04 20:58:16,925 INFO org.springframework.web.servlet.FrameworkServlet [http-nio-7071-exec-1] Completed initialization in 1 ms
2022-11-04 20:58:29,831 INFO com.sales.ccg.checkBalance.controller.BalanceController [http-nio-7071-exec-2] Request checkOrderBalance ::: OrderBalanceRequestDTO [governorate=1, products=[{"quantity":120.2,"sku":202030013,"type":null}]]
2022-11-04 20:58:43,498 INFO com.sales.ccg.checkBalance.controller.BalanceController [http-nio-7071-exec-3] Request checkOrderBalance ::: OrderBalanceRequestDTO [governorate=1, products=[{"quantity":1.0,"sku":202030013,"type":null}]]
2022-11-04 21:00:30,139 INFO com.sales.ccg.checkBalance.controller.BalanceController [http-nio-7071-exec-5] Request checkOrderBalance ::: OrderBalanceRequestDTO [governorate=1, products=[{"quantity":1.0,"sku":202030013,"type":"SP"}]]
2022-11-04 21:00:35,023 INFO com.sales.ccg.checkBalance.controller.BalanceController [http-nio-7071-exec-6] Request checkOrderBalance ::: OrderBalanceRequestDTO [governorate=1, products=[{"quantity":1.0,"sku":202030013,"type":"SP"}]]
2022-11-04 21:02:59,965 INFO com.sales.ccg.checkBalance.controller.BalanceController [http-nio-7071-exec-8] Request checkOrderBalance ::: OrderBalanceRequestDTO [governorate=1, products=[{"quantity":1.0,"sku":202030013,"type":"SP"}]]
2022-11-04 21:05:19,773 INFO org.springframework.boot.StartupInfoLogger [main] Starting CheckBalanceApplication using Java 1.8.0_65 on DEV-Ahmedabbas with PID 16912 (E:\workspace\check-balance\target\classes started by DEV in E:\workspace\check-balance)
2022-11-04 21:05:19,778 INFO org.springframework.boot.SpringApplication [main] No active profile set, falling back to 1 default profile: "default"
2022-11-04 21:05:20,423 INFO org.springframework.data.repository.config.RepositoryConfigurationDelegate [main] Bootstrapping Spring Data JPA repositories in DEFAULT mode.
2022-11-04 21:05:20,477 INFO org.springframework.data.repository.config.RepositoryConfigurationDelegate [main] Finished Spring Data repository scanning in 43 ms. Found 1 JPA repository interfaces.
2022-11-04 21:05:21,130 INFO org.springframework.boot.web.embedded.tomcat.TomcatWebServer [main] Tomcat initialized with port(s): 7071 (http)
2022-11-04 21:05:21,140 INFO org.apache.juli.logging.DirectJDKLog [main] Initializing ProtocolHandler ["http-nio-7071"]
2022-11-04 21:05:21,141 INFO org.apache.juli.logging.DirectJDKLog [main] Starting service [Tomcat]
2022-11-04 21:05:21,141 INFO org.apache.juli.logging.DirectJDKLog [main] Starting Servlet engine: [Apache Tomcat/9.0.58]
2022-11-04 21:05:21,232 INFO org.apache.juli.logging.DirectJDKLog [main] Initializing Spring embedded WebApplicationContext
2022-11-04 21:05:21,232 INFO org.springframework.boot.web.servlet.context.ServletWebServerApplicationContext [main] Root WebApplicationContext: initialization completed in 1387 ms
2022-11-04 21:05:21,445 INFO com.zaxxer.hikari.HikariDataSource [main] HikariPool-1 - Starting...
2022-11-04 21:05:21,641 INFO com.zaxxer.hikari.HikariDataSource [main] HikariPool-1 - Start completed.
2022-11-04 21:05:21,694 INFO org.hibernate.jpa.internal.util.LogHelper [main] HHH000204: Processing PersistenceUnitInfo [name: default]
2022-11-04 21:05:21,749 INFO org.hibernate.Version [main] HHH000412: Hibernate ORM core version 5.6.5.Final
2022-11-04 21:05:21,981 INFO org.hibernate.annotations.common.reflection.java.JavaReflectionManager [main] HCANN000001: Hibernate Commons Annotations {5.1.2.Final}
2022-11-04 21:05:22,106 INFO org.hibernate.dialect.Dialect [main] HHH000400: Using dialect: org.hibernate.dialect.Oracle10gDialect
2022-11-04 21:05:22,758 INFO org.hibernate.engine.transaction.jta.platform.internal.JtaPlatformInitiator [main] HHH000490: Using JtaPlatform implementation: [org.hibernate.engine.transaction.jta.platform.internal.NoJtaPlatform]
2022-11-04 21:05:22,767 INFO org.springframework.orm.jpa.AbstractEntityManagerFactoryBean [main] Initialized JPA EntityManagerFactory for persistence unit 'default'
2022-11-04 21:05:23,163 WARN org.springframework.boot.autoconfigure.orm.jpa.JpaBaseConfiguration$JpaWebConfiguration [main] spring.jpa.open-in-view is enabled by default. Therefore, database queries may be performed during view rendering. Explicitly configure spring.jpa.open-in-view to disable this warning
2022-11-04 21:05:23,530 INFO org.apache.juli.logging.DirectJDKLog [main] Starting ProtocolHandler ["http-nio-7071"]
2022-11-04 21:05:23,558 INFO org.springframework.boot.web.embedded.tomcat.TomcatWebServer [main] Tomcat started on port(s): 7071 (http) with context path ''
2022-11-04 21:05:23,566 INFO org.springframework.boot.StartupInfoLogger [main] Started CheckBalanceApplication in 4.28 seconds (JVM running for 4.857)
2022-11-04 21:05:35,080 INFO org.apache.juli.logging.DirectJDKLog [http-nio-7071-exec-1] Initializing Spring DispatcherServlet 'dispatcherServlet'
2022-11-04 21:05:35,080 INFO org.springframework.web.servlet.FrameworkServlet [http-nio-7071-exec-1] Initializing Servlet 'dispatcherServlet'
2022-11-04 21:05:35,081 INFO org.springframework.web.servlet.FrameworkServlet [http-nio-7071-exec-1] Completed initialization in 1 ms
2022-11-04 21:05:35,243 INFO com.sales.ccg.checkBalance.controller.BalanceController [http-nio-7071-exec-1] Request checkOrderBalance ::: OrderBalanceRequestDTO [governorate=1, products=[{"quantity":1.0,"sku":202030013,"type":"SP"}]]
2022-11-04 21:06:07,070 INFO com.sales.ccg.checkBalance.controller.BalanceController [http-nio-7071-exec-2] Request checkOrderBalance ::: OrderBalanceRequestDTO [governorate=1, products=[{"quantity":1.0,"sku":202030013,"type":"SP"}]]
2022-11-04 21:07:53,988 INFO com.sales.ccg.checkBalance.controller.BalanceController [http-nio-7071-exec-3] Request checkOrderBalance ::: OrderBalanceRequestDTO [governorate=1, products=[{"quantity":1.0,"sku":202030013,"type":"SP"}]]
2022-11-04 21:11:16,765 INFO org.springframework.boot.StartupInfoLogger [main] Starting CheckBalanceApplication using Java 1.8.0_65 on DEV-Ahmedabbas with PID 14708 (E:\workspace\check-balance\target\classes started by DEV in E:\workspace\check-balance)
2022-11-04 21:11:16,770 INFO org.springframework.boot.SpringApplication [main] No active profile set, falling back to 1 default profile: "default"
2022-11-04 21:11:17,416 INFO org.springframework.data.repository.config.RepositoryConfigurationDelegate [main] Bootstrapping Spring Data JPA repositories in DEFAULT mode.
2022-11-04 21:11:17,471 INFO org.springframework.data.repository.config.RepositoryConfigurationDelegate [main] Finished Spring Data repository scanning in 45 ms. Found 1 JPA repository interfaces.
2022-11-04 21:11:18,149 INFO org.springframework.boot.web.embedded.tomcat.TomcatWebServer [main] Tomcat initialized with port(s): 7071 (http)
2022-11-04 21:11:18,160 INFO org.apache.juli.logging.DirectJDKLog [main] Initializing ProtocolHandler ["http-nio-7071"]
2022-11-04 21:11:18,160 INFO org.apache.juli.logging.DirectJDKLog [main] Starting service [Tomcat]
2022-11-04 21:11:18,161 INFO org.apache.juli.logging.DirectJDKLog [main] Starting Servlet engine: [Apache Tomcat/9.0.58]
2022-11-04 21:11:18,258 INFO org.apache.juli.logging.DirectJDKLog [main] Initializing Spring embedded WebApplicationContext
2022-11-04 21:11:18,259 INFO org.springframework.boot.web.servlet.context.ServletWebServerApplicationContext [main] Root WebApplicationContext: initialization completed in 1420 ms
2022-11-04 21:11:18,475 INFO com.zaxxer.hikari.HikariDataSource [main] HikariPool-1 - Starting...
2022-11-04 21:11:18,669 INFO com.zaxxer.hikari.HikariDataSource [main] HikariPool-1 - Start completed.
2022-11-04 21:11:18,725 INFO org.hibernate.jpa.internal.util.LogHelper [main] HHH000204: Processing PersistenceUnitInfo [name: default]
2022-11-04 21:11:18,780 INFO org.hibernate.Version [main] HHH000412: Hibernate ORM core version 5.6.5.Final
2022-11-04 21:11:19,022 INFO org.hibernate.annotations.common.reflection.java.JavaReflectionManager [main] HCANN000001: Hibernate Commons Annotations {5.1.2.Final}
2022-11-04 21:11:19,148 INFO org.hibernate.dialect.Dialect [main] HHH000400: Using dialect: org.hibernate.dialect.Oracle10gDialect
2022-11-04 21:11:19,831 INFO org.hibernate.engine.transaction.jta.platform.internal.JtaPlatformInitiator [main] HHH000490: Using JtaPlatform implementation: [org.hibernate.engine.transaction.jta.platform.internal.NoJtaPlatform]
2022-11-04 21:11:19,841 INFO org.springframework.orm.jpa.AbstractEntityManagerFactoryBean [main] Initialized JPA EntityManagerFactory for persistence unit 'default'
2022-11-04 21:11:20,253 WARN org.springframework.boot.autoconfigure.orm.jpa.JpaBaseConfiguration$JpaWebConfiguration [main] spring.jpa.open-in-view is enabled by default. Therefore, database queries may be performed during view rendering. Explicitly configure spring.jpa.open-in-view to disable this warning
2022-11-04 21:11:20,574 INFO org.apache.juli.logging.DirectJDKLog [main] Starting ProtocolHandler ["http-nio-7071"]
2022-11-04 21:11:20,605 INFO org.springframework.boot.web.embedded.tomcat.TomcatWebServer [main] Tomcat started on port(s): 7071 (http) with context path ''
2022-11-04 21:11:20,615 INFO org.springframework.boot.StartupInfoLogger [main] Started CheckBalanceApplication in 4.336 seconds (JVM running for 4.806)
2022-11-04 21:11:26,946 INFO org.apache.juli.logging.DirectJDKLog [http-nio-7071-exec-1] Initializing Spring DispatcherServlet 'dispatcherServlet'
2022-11-04 21:11:26,946 INFO org.springframework.web.servlet.FrameworkServlet [http-nio-7071-exec-1] Initializing Servlet 'dispatcherServlet'
2022-11-04 21:11:26,948 INFO org.springframework.web.servlet.FrameworkServlet [http-nio-7071-exec-1] Completed initialization in 2 ms
2022-11-04 21:12:54,712 INFO org.springframework.boot.StartupInfoLogger [main] Starting CheckBalanceApplication using Java 1.8.0_65 on DEV-Ahmedabbas with PID 9264 (E:\workspace\check-balance\target\classes started by DEV in E:\workspace\check-balance)
2022-11-04 21:12:54,716 INFO org.springframework.boot.SpringApplication [main] No active profile set, falling back to 1 default profile: "default"
2022-11-04 21:12:55,343 INFO org.springframework.data.repository.config.RepositoryConfigurationDelegate [main] Bootstrapping Spring Data JPA repositories in DEFAULT mode.
2022-11-04 21:12:55,398 INFO org.springframework.data.repository.config.RepositoryConfigurationDelegate [main] Finished Spring Data repository scanning in 44 ms. Found 1 JPA repository interfaces.
2022-11-04 21:12:56,049 INFO org.springframework.boot.web.embedded.tomcat.TomcatWebServer [main] Tomcat initialized with port(s): 7071 (http)
2022-11-04 21:12:56,060 INFO org.apache.juli.logging.DirectJDKLog [main] Initializing ProtocolHandler ["http-nio-7071"]
2022-11-04 21:12:56,060 INFO org.apache.juli.logging.DirectJDKLog [main] Starting service [Tomcat]
2022-11-04 21:12:56,060 INFO org.apache.juli.logging.DirectJDKLog [main] Starting Servlet engine: [Apache Tomcat/9.0.58]
2022-11-04 21:12:56,148 INFO org.apache.juli.logging.DirectJDKLog [main] Initializing Spring embedded WebApplicationContext
2022-11-04 21:12:56,149 INFO org.springframework.boot.web.servlet.context.ServletWebServerApplicationContext [main] Root WebApplicationContext: initialization completed in 1366 ms
2022-11-04 21:12:56,357 INFO com.zaxxer.hikari.HikariDataSource [main] HikariPool-1 - Starting...
2022-11-04 21:12:56,552 INFO com.zaxxer.hikari.HikariDataSource [main] HikariPool-1 - Start completed.
2022-11-04 21:12:56,606 INFO org.hibernate.jpa.internal.util.LogHelper [main] HHH000204: Processing PersistenceUnitInfo [name: default]
2022-11-04 21:12:56,661 INFO org.hibernate.Version [main] HHH000412: Hibernate ORM core version 5.6.5.Final
2022-11-04 21:12:56,896 INFO org.hibernate.annotations.common.reflection.java.JavaReflectionManager [main] HCANN000001: Hibernate Commons Annotations {5.1.2.Final}
2022-11-04 21:12:57,021 INFO org.hibernate.dialect.Dialect [main] HHH000400: Using dialect: org.hibernate.dialect.Oracle10gDialect
2022-11-04 21:12:57,664 INFO org.hibernate.engine.transaction.jta.platform.internal.JtaPlatformInitiator [main] HHH000490: Using JtaPlatform implementation: [org.hibernate.engine.transaction.jta.platform.internal.NoJtaPlatform]
2022-11-04 21:12:57,673 INFO org.springframework.orm.jpa.AbstractEntityManagerFactoryBean [main] Initialized JPA EntityManagerFactory for persistence unit 'default'
2022-11-04 21:12:58,067 WARN org.springframework.boot.autoconfigure.orm.jpa.JpaBaseConfiguration$JpaWebConfiguration [main] spring.jpa.open-in-view is enabled by default. Therefore, database queries may be performed during view rendering. Explicitly configure spring.jpa.open-in-view to disable this warning
2022-11-04 21:12:58,428 INFO org.apache.juli.logging.DirectJDKLog [main] Starting ProtocolHandler ["http-nio-7071"]
2022-11-04 21:12:58,454 INFO org.springframework.boot.web.embedded.tomcat.TomcatWebServer [main] Tomcat started on port(s): 7071 (http) with context path ''
2022-11-04 21:12:58,465 INFO org.springframework.boot.StartupInfoLogger [main] Started CheckBalanceApplication in 4.238 seconds (JVM running for 4.708)
2022-11-04 21:15:47,079 INFO org.apache.juli.logging.DirectJDKLog [http-nio-7071-exec-1] Initializing Spring DispatcherServlet 'dispatcherServlet'
2022-11-04 21:15:47,079 INFO org.springframework.web.servlet.FrameworkServlet [http-nio-7071-exec-1] Initializing Servlet 'dispatcherServlet'
2022-11-04 21:15:47,080 INFO org.springframework.web.servlet.FrameworkServlet [http-nio-7071-exec-1] Completed initialization in 1 ms
2022-11-04 21:15:58,182 INFO com.sales.ccg.checkBalance.controller.BalanceController [http-nio-7071-exec-2] Request checkOrderBalance ::: OrderBalanceRequestDTO [governorate=1, products=[{"quantity":1.0,"sku":202030013,"type":"SP"}]]
2022-11-04 21:26:57,723 INFO org.springframework.boot.StartupInfoLogger [main] Starting CheckBalanceApplication using Java 1.8.0_65 on DEV-Ahmedabbas with PID 11952 (E:\workspace\check-balance\target\classes started by DEV in E:\workspace\check-balance)
2022-11-04 21:26:57,726 INFO org.springframework.boot.SpringApplication [main] No active profile set, falling back to 1 default profile: "default"
2022-11-04 21:26:58,256 INFO org.springframework.data.repository.config.RepositoryConfigurationDelegate [main] Bootstrapping Spring Data JPA repositories in DEFAULT mode.
2022-11-04 21:26:58,301 INFO org.springframework.data.repository.config.RepositoryConfigurationDelegate [main] Finished Spring Data repository scanning in 37 ms. Found 1 JPA repository interfaces.
2022-11-04 21:26:58,858 INFO org.springframework.boot.web.embedded.tomcat.TomcatWebServer [main] Tomcat initialized with port(s): 7071 (http)
2022-11-04 21:26:58,868 INFO org.apache.juli.logging.DirectJDKLog [main] Initializing ProtocolHandler ["http-nio-7071"]
2022-11-04 21:26:58,868 INFO org.apache.juli.logging.DirectJDKLog [main] Starting service [Tomcat]
2022-11-04 21:26:58,868 INFO org.apache.juli.logging.DirectJDKLog [main] Starting Servlet engine: [Apache Tomcat/9.0.58]
2022-11-04 21:26:58,947 INFO org.apache.juli.logging.DirectJDKLog [main] Initializing Spring embedded WebApplicationContext
2022-11-04 21:26:58,947 INFO org.springframework.boot.web.servlet.context.ServletWebServerApplicationContext [main] Root WebApplicationContext: initialization completed in 1165 ms
2022-11-04 21:26:59,165 INFO com.zaxxer.hikari.HikariDataSource [main] HikariPool-1 - Starting...
2022-11-04 21:26:59,335 INFO com.zaxxer.hikari.HikariDataSource [main] HikariPool-1 - Start completed.
2022-11-04 21:26:59,381 INFO org.hibernate.jpa.internal.util.LogHelper [main] HHH000204: Processing PersistenceUnitInfo [name: default]
2022-11-04 21:26:59,431 INFO org.hibernate.Version [main] HHH000412: Hibernate ORM core version 5.6.5.Final
2022-11-04 21:26:59,593 INFO org.hibernate.annotations.common.reflection.java.JavaReflectionManager [main] HCANN000001: Hibernate Commons Annotations {5.1.2.Final}
2022-11-04 21:26:59,695 INFO org.hibernate.dialect.Dialect [main] HHH000400: Using dialect: org.hibernate.dialect.Oracle10gDialect
2022-11-04 21:27:00,272 INFO org.hibernate.engine.transaction.jta.platform.internal.JtaPlatformInitiator [main] HHH000490: Using JtaPlatform implementation: [org.hibernate.engine.transaction.jta.platform.internal.NoJtaPlatform]
2022-11-04 21:27:00,280 INFO org.springframework.orm.jpa.AbstractEntityManagerFactoryBean [main] Initialized JPA EntityManagerFactory for persistence unit 'default'
2022-11-04 21:27:00,579 WARN org.springframework.boot.autoconfigure.orm.jpa.JpaBaseConfiguration$JpaWebConfiguration [main] spring.jpa.open-in-view is enabled by default. Therefore, database queries may be performed during view rendering. Explicitly configure spring.jpa.open-in-view to disable this warning
2022-11-04 21:27:00,850 INFO org.apache.juli.logging.DirectJDKLog [main] Starting ProtocolHandler ["http-nio-7071"]
2022-11-04 21:27:00,869 INFO org.springframework.boot.web.embedded.tomcat.TomcatWebServer [main] Tomcat started on port(s): 7071 (http) with context path ''
2022-11-04 21:27:00,875 INFO org.springframework.boot.StartupInfoLogger [main] Started CheckBalanceApplication in 3.578 seconds (JVM running for 3.894)
2022-11-04 21:27:16,593 INFO org.apache.juli.logging.DirectJDKLog [http-nio-7071-exec-1] Initializing Spring DispatcherServlet 'dispatcherServlet'
2022-11-04 21:27:16,593 INFO org.springframework.web.servlet.FrameworkServlet [http-nio-7071-exec-1] Initializing Servlet 'dispatcherServlet'
2022-11-04 21:27:16,594 INFO org.springframework.web.servlet.FrameworkServlet [http-nio-7071-exec-1] Completed initialization in 1 ms
2022-11-04 21:27:16,738 INFO com.sales.ccg.checkBalance.controller.BalanceController [http-nio-7071-exec-1] Request checkOrderBalance ::: OrderBalanceRequestDTO [governorate=1, products=[{"quantity":1.0,"sku":202030013,"type":"SP"}]]
2022-11-04 21:29:05,418 INFO org.springframework.boot.StartupInfoLogger [main] Starting CheckBalanceApplication using Java 1.8.0_65 on DEV-Ahmedabbas with PID 16996 (E:\workspace\check-balance\target\classes started by DEV in E:\workspace\check-balance)
2022-11-04 21:29:05,421 INFO org.springframework.boot.SpringApplication [main] No active profile set, falling back to 1 default profile: "default"
2022-11-04 21:29:05,944 INFO org.springframework.data.repository.config.RepositoryConfigurationDelegate [main] Bootstrapping Spring Data JPA repositories in DEFAULT mode.
2022-11-04 21:29:05,988 INFO org.springframework.data.repository.config.RepositoryConfigurationDelegate [main] Finished Spring Data repository scanning in 36 ms. Found 1 JPA repository interfaces.
2022-11-04 21:29:06,539 INFO org.springframework.boot.web.embedded.tomcat.TomcatWebServer [main] Tomcat initialized with port(s): 7071 (http)
2022-11-04 21:29:06,549 INFO org.apache.juli.logging.DirectJDKLog [main] Initializing ProtocolHandler ["http-nio-7071"]
2022-11-04 21:29:06,549 INFO org.apache.juli.logging.DirectJDKLog [main] Starting service [Tomcat]
2022-11-04 21:29:06,549 INFO org.apache.juli.logging.DirectJDKLog [main] Starting Servlet engine: [Apache Tomcat/9.0.58]
2022-11-04 21:29:06,632 INFO org.apache.juli.logging.DirectJDKLog [main] Initializing Spring embedded WebApplicationContext
2022-11-04 21:29:06,633 INFO org.springframework.boot.web.servlet.context.ServletWebServerApplicationContext [main] Root WebApplicationContext: initialization completed in 1159 ms
2022-11-04 21:29:06,844 INFO com.zaxxer.hikari.HikariDataSource [main] HikariPool-1 - Starting...
2022-11-04 21:29:07,010 INFO com.zaxxer.hikari.HikariDataSource [main] HikariPool-1 - Start completed.
2022-11-04 21:29:07,052 INFO org.hibernate.jpa.internal.util.LogHelper [main] HHH000204: Processing PersistenceUnitInfo [name: default]
2022-11-04 21:29:07,102 INFO org.hibernate.Version [main] HHH000412: Hibernate ORM core version 5.6.5.Final
2022-11-04 21:29:07,258 INFO org.hibernate.annotations.common.reflection.java.JavaReflectionManager [main] HCANN000001: Hibernate Commons Annotations {5.1.2.Final}
2022-11-04 21:29:07,366 INFO org.hibernate.dialect.Dialect [main] HHH000400: Using dialect: org.hibernate.dialect.Oracle10gDialect
2022-11-04 21:29:07,922 INFO org.hibernate.engine.transaction.jta.platform.internal.JtaPlatformInitiator [main] HHH000490: Using JtaPlatform implementation: [org.hibernate.engine.transaction.jta.platform.internal.NoJtaPlatform]
2022-11-04 21:29:07,930 INFO org.springframework.orm.jpa.AbstractEntityManagerFactoryBean [main] Initialized JPA EntityManagerFactory for persistence unit 'default'
2022-11-04 21:29:08,220 WARN org.springframework.boot.autoconfigure.orm.jpa.JpaBaseConfiguration$JpaWebConfiguration [main] spring.jpa.open-in-view is enabled by default. Therefore, database queries may be performed during view rendering. Explicitly configure spring.jpa.open-in-view to disable this warning
2022-11-04 21:29:08,491 INFO org.apache.juli.logging.DirectJDKLog [main] Starting ProtocolHandler ["http-nio-7071"]
2022-11-04 21:29:08,508 INFO org.springframework.boot.web.embedded.tomcat.TomcatWebServer [main] Tomcat started on port(s): 7071 (http) with context path ''
2022-11-04 21:29:08,514 INFO org.springframework.boot.StartupInfoLogger [main] Started CheckBalanceApplication in 3.527 seconds (JVM running for 3.844)
2022-11-04 21:29:21,225 INFO org.apache.juli.logging.DirectJDKLog [http-nio-7071-exec-1] Initializing Spring DispatcherServlet 'dispatcherServlet'
2022-11-04 21:29:21,226 INFO org.springframework.web.servlet.FrameworkServlet [http-nio-7071-exec-1] Initializing Servlet 'dispatcherServlet'
2022-11-04 21:29:21,227 INFO org.springframework.web.servlet.FrameworkServlet [http-nio-7071-exec-1] Completed initialization in 1 ms
2022-11-04 21:29:21,353 INFO com.sales.ccg.checkBalance.controller.BalanceController [http-nio-7071-exec-1] Request checkOrderBalance ::: OrderBalanceRequestDTO [governorate=1, products=[{"quantity":1.0,"sku":202030013,"type":"SP"}]]
2022-11-04 21:29:52,859 INFO com.sales.ccg.checkBalance.controller.BalanceController [http-nio-7071-exec-2] Request checkOrderBalance ::: OrderBalanceRequestDTO [governorate=1, products=[{"quantity":1.0,"sku":202030013,"type":"SP"}]]
2022-11-04 21:30:22,552 INFO com.sales.ccg.checkBalance.controller.BalanceController [http-nio-7071-exec-3] Request checkOrderBalance ::: OrderBalanceRequestDTO [governorate=1, products=[{"quantity":1.0,"sku":202030013,"type":"SP"}]]
2022-11-04 21:31:19,636 INFO com.sales.ccg.checkBalance.controller.BalanceController [http-nio-7071-exec-4] Request checkOrderBalance ::: OrderBalanceRequestDTO [governorate=1, products=[{"quantity":1.0,"sku":202030013,"type":"SP"}]]
2022-11-04 21:32:14,899 INFO org.springframework.boot.StartupInfoLogger [main] Starting CheckBalanceApplication using Java 1.8.0_65 on DEV-Ahmedabbas with PID 11880 (E:\workspace\check-balance\target\classes started by DEV in E:\workspace\check-balance)
2022-11-04 21:32:14,904 INFO org.springframework.boot.SpringApplication [main] No active profile set, falling back to 1 default profile: "default"
2022-11-04 21:32:15,551 INFO org.springframework.data.repository.config.RepositoryConfigurationDelegate [main] Bootstrapping Spring Data JPA repositories in DEFAULT mode.
2022-11-04 21:32:15,605 INFO org.springframework.data.repository.config.RepositoryConfigurationDelegate [main] Finished Spring Data repository scanning in 44 ms. Found 1 JPA repository interfaces.
2022-11-04 21:32:16,272 INFO org.springframework.boot.web.embedded.tomcat.TomcatWebServer [main] Tomcat initialized with port(s): 7071 (http)
2022-11-04 21:32:16,282 INFO org.apache.juli.logging.DirectJDKLog [main] Initializing ProtocolHandler ["http-nio-7071"]
2022-11-04 21:32:16,283 INFO org.apache.juli.logging.DirectJDKLog [main] Starting service [Tomcat]
2022-11-04 21:32:16,283 INFO org.apache.juli.logging.DirectJDKLog [main] Starting Servlet engine: [Apache Tomcat/9.0.58]
2022-11-04 21:32:16,373 INFO org.apache.juli.logging.DirectJDKLog [main] Initializing Spring embedded WebApplicationContext
2022-11-04 21:32:16,373 INFO org.springframework.boot.web.servlet.context.ServletWebServerApplicationContext [main] Root WebApplicationContext: initialization completed in 1396 ms
2022-11-04 21:32:16,587 INFO com.zaxxer.hikari.HikariDataSource [main] HikariPool-1 - Starting...
2022-11-04 21:32:16,777 INFO com.zaxxer.hikari.HikariDataSource [main] HikariPool-1 - Start completed.
2022-11-04 21:32:16,824 INFO org.hibernate.jpa.internal.util.LogHelper [main] HHH000204: Processing PersistenceUnitInfo [name: default]
2022-11-04 21:32:16,891 INFO org.hibernate.Version [main] HHH000412: Hibernate ORM core version 5.6.5.Final
2022-11-04 21:32:17,130 INFO org.hibernate.annotations.common.reflection.java.JavaReflectionManager [main] HCANN000001: Hibernate Commons Annotations {5.1.2.Final}
2022-11-04 21:32:17,259 INFO org.hibernate.dialect.Dialect [main] HHH000400: Using dialect: org.hibernate.dialect.Oracle10gDialect
2022-11-04 21:32:17,917 INFO org.hibernate.engine.transaction.jta.platform.internal.JtaPlatformInitiator [main] HHH000490: Using JtaPlatform implementation: [org.hibernate.engine.transaction.jta.platform.internal.NoJtaPlatform]
2022-11-04 21:32:17,927 INFO org.springframework.orm.jpa.AbstractEntityManagerFactoryBean [main] Initialized JPA EntityManagerFactory for persistence unit 'default'
2022-11-04 21:32:18,325 WARN org.springframework.boot.autoconfigure.orm.jpa.JpaBaseConfiguration$JpaWebConfiguration [main] spring.jpa.open-in-view is enabled by default. Therefore, database queries may be performed during view rendering. Explicitly configure spring.jpa.open-in-view to disable this warning
2022-11-04 21:32:18,689 INFO org.apache.juli.logging.DirectJDKLog [main] Starting ProtocolHandler ["http-nio-7071"]
2022-11-04 21:32:18,717 INFO org.springframework.boot.web.embedded.tomcat.TomcatWebServer [main] Tomcat started on port(s): 7071 (http) with context path ''
2022-11-04 21:32:18,727 INFO org.springframework.boot.StartupInfoLogger [main] Started CheckBalanceApplication in 4.309 seconds (JVM running for 4.784)
2022-11-04 21:32:45,675 INFO org.apache.juli.logging.DirectJDKLog [http-nio-7071-exec-1] Initializing Spring DispatcherServlet 'dispatcherServlet'
2022-11-04 21:32:45,675 INFO org.springframework.web.servlet.FrameworkServlet [http-nio-7071-exec-1] Initializing Servlet 'dispatcherServlet'
2022-11-04 21:32:45,676 INFO org.springframework.web.servlet.FrameworkServlet [http-nio-7071-exec-1] Completed initialization in 1 ms
2022-11-04 21:32:45,852 INFO com.sales.ccg.checkBalance.controller.BalanceController [http-nio-7071-exec-1] Request checkOrderBalance ::: OrderBalanceRequestDTO [governorate=1, products=[{"quantity":1.0,"sku":202030013,"type":"SP"}]]
2022-11-04 21:34:44,578 INFO com.sales.ccg.checkBalance.controller.BalanceController [http-nio-7071-exec-2] Request checkOrderBalance ::: OrderBalanceRequestDTO [governorate=1, products=[{"quantity":1.0,"sku":202030013,"type":"SP"}]]
2022-11-04 21:38:06,514 INFO org.springframework.boot.StartupInfoLogger [main] Starting CheckBalanceApplication using Java 1.8.0_65 on DEV-Ahmedabbas with PID 17032 (E:\workspace\check-balance\target\classes started by DEV in E:\workspace\check-balance)
2022-11-04 21:38:06,519 INFO org.springframework.boot.SpringApplication [main] No active profile set, falling back to 1 default profile: "default"
2022-11-04 21:38:07,151 INFO org.springframework.data.repository.config.RepositoryConfigurationDelegate [main] Bootstrapping Spring Data JPA repositories in DEFAULT mode.
2022-11-04 21:38:07,206 INFO org.springframework.data.repository.config.RepositoryConfigurationDelegate [main] Finished Spring Data repository scanning in 44 ms. Found 1 JPA repository interfaces.
2022-11-04 21:38:07,856 INFO org.springframework.boot.web.embedded.tomcat.TomcatWebServer [main] Tomcat initialized with port(s): 7071 (http)
2022-11-04 21:38:07,866 INFO org.apache.juli.logging.DirectJDKLog [main] Initializing ProtocolHandler ["http-nio-7071"]
2022-11-04 21:38:07,867 INFO org.apache.juli.logging.DirectJDKLog [main] Starting service [Tomcat]
2022-11-04 21:38:07,867 INFO org.apache.juli.logging.DirectJDKLog [main] Starting Servlet engine: [Apache Tomcat/9.0.58]
2022-11-04 21:38:07,965 INFO org.apache.juli.logging.DirectJDKLog [main] Initializing Spring embedded WebApplicationContext
2022-11-04 21:38:07,965 INFO org.springframework.boot.web.servlet.context.ServletWebServerApplicationContext [main] Root WebApplicationContext: initialization completed in 1379 ms
2022-11-04 21:38:08,178 INFO com.zaxxer.hikari.HikariDataSource [main] HikariPool-1 - Starting...
2022-11-04 21:38:08,374 INFO com.zaxxer.hikari.HikariDataSource [main] HikariPool-1 - Start completed.
2022-11-04 21:38:08,428 INFO org.hibernate.jpa.internal.util.LogHelper [main] HHH000204: Processing PersistenceUnitInfo [name: default]
2022-11-04 21:38:08,509 INFO org.hibernate.Version [main] HHH000412: Hibernate ORM core version 5.6.5.Final
2022-11-04 21:38:08,699 INFO org.hibernate.annotations.common.reflection.java.JavaReflectionManager [main] HCANN000001: Hibernate Commons Annotations {5.1.2.Final}
2022-11-04 21:38:08,864 INFO org.hibernate.dialect.Dialect [main] HHH000400: Using dialect: org.hibernate.dialect.Oracle10gDialect
2022-11-04 21:38:09,527 INFO org.hibernate.engine.transaction.jta.platform.internal.JtaPlatformInitiator [main] HHH000490: Using JtaPlatform implementation: [org.hibernate.engine.transaction.jta.platform.internal.NoJtaPlatform]
2022-11-04 21:38:09,536 INFO org.springframework.orm.jpa.AbstractEntityManagerFactoryBean [main] Initialized JPA EntityManagerFactory for persistence unit 'default'
2022-11-04 21:38:09,930 WARN org.springframework.boot.autoconfigure.orm.jpa.JpaBaseConfiguration$JpaWebConfiguration [main] spring.jpa.open-in-view is enabled by default. Therefore, database queries may be performed during view rendering. Explicitly configure spring.jpa.open-in-view to disable this warning
2022-11-04 21:38:10,261 INFO org.apache.juli.logging.DirectJDKLog [main] Starting ProtocolHandler ["http-nio-7071"]
2022-11-04 21:38:10,305 INFO org.springframework.boot.web.embedded.tomcat.TomcatWebServer [main] Tomcat started on port(s): 7071 (http) with context path ''
2022-11-04 21:38:10,314 INFO org.springframework.boot.StartupInfoLogger [main] Started CheckBalanceApplication in 4.275 seconds (JVM running for 4.747)
2022-11-04 21:38:14,154 INFO org.apache.juli.logging.DirectJDKLog [http-nio-7071-exec-1] Initializing Spring DispatcherServlet 'dispatcherServlet'
2022-11-04 21:38:14,154 INFO org.springframework.web.servlet.FrameworkServlet [http-nio-7071-exec-1] Initializing Servlet 'dispatcherServlet'
2022-11-04 21:38:14,155 INFO org.springframework.web.servlet.FrameworkServlet [http-nio-7071-exec-1] Completed initialization in 1 ms
2022-11-04 21:38:14,366 INFO com.sales.ccg.checkBalance.controller.BalanceController [http-nio-7071-exec-1] Request checkOrderBalance ::: OrderBalanceRequestDTO [governorate=1, products=[{"quantity":1.0,"sku":202030013,"type":"SP"}]]
2022-11-04 21:38:47,377 INFO com.sales.ccg.checkBalance.controller.BalanceController [http-nio-7071-exec-2] Request checkOrderBalance ::: OrderBalanceRequestDTO [governorate=1, products=[{"quantity":1.0,"sku":202030013,"type":"SP"}]]
2022-11-04 21:39:12,542 INFO com.sales.ccg.checkBalance.controller.BalanceController [http-nio-7071-exec-3] Request checkOrderBalance ::: OrderBalanceRequestDTO [governorate=1, products=[{"quantity":1000.0,"sku":202030013,"type":"SP"}]]
2022-11-04 21:40:09,694 INFO com.sales.ccg.checkBalance.controller.BalanceController [http-nio-7071-exec-5] Request checkOrderBalance ::: OrderBalanceRequestDTO [governorate=1, products=[{"quantity":120.2,"sku":2021100794,"type":null}]]
2022-11-04 21:40:30,811 INFO com.sales.ccg.checkBalance.controller.BalanceController [http-nio-7071-exec-6] Request checkOrderBalance ::: OrderBalanceRequestDTO [governorate=1, products=[{"quantity":1.0,"sku":2021100794,"type":null}]]
2022-11-04 21:54:47,759 INFO org.springframework.boot.StartupInfoLogger [main] Starting CheckBalanceApplication using Java 1.8.0_65 on DEV-Ahmedabbas with PID 7640 (E:\workspace\check-balance\target\classes started by DEV in E:\workspace\check-balance)
2022-11-04 21:54:47,762 INFO org.springframework.boot.SpringApplication [main] No active profile set, falling back to 1 default profile: "default"
2022-11-04 21:54:48,298 INFO org.springframework.data.repository.config.RepositoryConfigurationDelegate [main] Bootstrapping Spring Data JPA repositories in DEFAULT mode.
2022-11-04 21:54:48,345 INFO org.springframework.data.repository.config.RepositoryConfigurationDelegate [main] Finished Spring Data repository scanning in 38 ms. Found 1 JPA repository interfaces.
2022-11-04 21:54:48,909 INFO org.springframework.boot.web.embedded.tomcat.TomcatWebServer [main] Tomcat initialized with port(s): 7071 (http)
2022-11-04 21:54:48,919 INFO org.apache.juli.logging.DirectJDKLog [main] Initializing ProtocolHandler ["http-nio-7071"]
2022-11-04 21:54:48,919 INFO org.apache.juli.logging.DirectJDKLog [main] Starting service [Tomcat]
2022-11-04 21:54:48,920 INFO org.apache.juli.logging.DirectJDKLog [main] Starting Servlet engine: [Apache Tomcat/9.0.58]
2022-11-04 21:54:49,002 INFO org.apache.juli.logging.DirectJDKLog [main] Initializing Spring embedded WebApplicationContext
2022-11-04 21:54:49,002 INFO org.springframework.boot.web.servlet.context.ServletWebServerApplicationContext [main] Root WebApplicationContext: initialization completed in 1184 ms
2022-11-04 21:54:49,218 INFO com.zaxxer.hikari.HikariDataSource [main] HikariPool-1 - Starting...
2022-11-04 21:54:49,382 INFO com.zaxxer.hikari.HikariDataSource [main] HikariPool-1 - Start completed.
2022-11-04 21:54:49,427 INFO org.hibernate.jpa.internal.util.LogHelper [main] HHH000204: Processing PersistenceUnitInfo [name: default]
2022-11-04 21:54:49,473 INFO org.hibernate.Version [main] HHH000412: Hibernate ORM core version 5.6.5.Final
2022-11-04 21:54:49,630 INFO org.hibernate.annotations.common.reflection.java.JavaReflectionManager [main] HCANN000001: Hibernate Commons Annotations {5.1.2.Final}
2022-11-04 21:54:49,734 INFO org.hibernate.dialect.Dialect [main] HHH000400: Using dialect: org.hibernate.dialect.Oracle10gDialect
2022-11-04 21:54:50,293 INFO org.hibernate.engine.transaction.jta.platform.internal.JtaPlatformInitiator [main] HHH000490: Using JtaPlatform implementation: [org.hibernate.engine.transaction.jta.platform.internal.NoJtaPlatform]
2022-11-04 21:54:50,301 INFO org.springframework.orm.jpa.AbstractEntityManagerFactoryBean [main] Initialized JPA EntityManagerFactory for persistence unit 'default'
2022-11-04 21:54:50,595 WARN org.springframework.boot.autoconfigure.orm.jpa.JpaBaseConfiguration$JpaWebConfiguration [main] spring.jpa.open-in-view is enabled by default. Therefore, database queries may be performed during view rendering. Explicitly configure spring.jpa.open-in-view to disable this warning
2022-11-04 21:54:50,849 INFO org.apache.juli.logging.DirectJDKLog [main] Starting ProtocolHandler ["http-nio-7071"]
2022-11-04 21:54:50,867 INFO org.springframework.boot.web.embedded.tomcat.TomcatWebServer [main] Tomcat started on port(s): 7071 (http) with context path ''
2022-11-04 21:54:50,873 INFO org.springframework.boot.StartupInfoLogger [main] Started CheckBalanceApplication in 3.544 seconds (JVM running for 3.857)
2022-11-04 21:55:37,492 INFO org.apache.juli.logging.DirectJDKLog [http-nio-7071-exec-1] Initializing Spring DispatcherServlet 'dispatcherServlet'
2022-11-04 21:55:37,492 INFO org.springframework.web.servlet.FrameworkServlet [http-nio-7071-exec-1] Initializing Servlet 'dispatcherServlet'
2022-11-04 21:55:37,493 INFO org.springframework.web.servlet.FrameworkServlet [http-nio-7071-exec-1] Completed initialization in 0 ms
2022-11-04 21:57:14,379 INFO org.springframework.boot.StartupInfoLogger [main] Starting CheckBalanceApplication using Java 1.8.0_65 on DEV-Ahmedabbas with PID 15676 (E:\workspace\check-balance\target\classes started by DEV in E:\workspace\check-balance)
2022-11-04 21:57:14,382 INFO org.springframework.boot.SpringApplication [main] No active profile set, falling back to 1 default profile: "default"
2022-11-04 21:57:14,918 INFO org.springframework.data.repository.config.RepositoryConfigurationDelegate [main] Bootstrapping Spring Data JPA repositories in DEFAULT mode.
2022-11-04 21:57:14,963 INFO org.springframework.data.repository.config.RepositoryConfigurationDelegate [main] Finished Spring Data repository scanning in 37 ms. Found 1 JPA repository interfaces.
2022-11-04 21:57:15,522 INFO org.springframework.boot.web.embedded.tomcat.TomcatWebServer [main] Tomcat initialized with port(s): 7071 (http)
2022-11-04 21:57:15,532 INFO org.apache.juli.logging.DirectJDKLog [main] Initializing ProtocolHandler ["http-nio-7071"]
2022-11-04 21:57:15,533 INFO org.apache.juli.logging.DirectJDKLog [main] Starting service [Tomcat]
2022-11-04 21:57:15,533 INFO org.apache.juli.logging.DirectJDKLog [main] Starting Servlet engine: [Apache Tomcat/9.0.58]
2022-11-04 21:57:15,618 INFO org.apache.juli.logging.DirectJDKLog [main] Initializing Spring embedded WebApplicationContext
2022-11-04 21:57:15,619 INFO org.springframework.boot.web.servlet.context.ServletWebServerApplicationContext [main] Root WebApplicationContext: initialization completed in 1181 ms
2022-11-04 21:57:15,835 INFO com.zaxxer.hikari.HikariDataSource [main] HikariPool-1 - Starting...
2022-11-04 21:57:16,007 INFO com.zaxxer.hikari.HikariDataSource [main] HikariPool-1 - Start completed.
2022-11-04 21:57:16,052 INFO org.hibernate.jpa.internal.util.LogHelper [main] HHH000204: Processing PersistenceUnitInfo [name: default]
2022-11-04 21:57:16,104 INFO org.hibernate.Version [main] HHH000412: Hibernate ORM core version 5.6.5.Final
2022-11-04 21:57:16,262 INFO org.hibernate.annotations.common.reflection.java.JavaReflectionManager [main] HCANN000001: Hibernate Commons Annotations {5.1.2.Final}
2022-11-04 21:57:16,372 INFO org.hibernate.dialect.Dialect [main] HHH000400: Using dialect: org.hibernate.dialect.Oracle10gDialect
2022-11-04 21:57:16,953 INFO org.hibernate.engine.transaction.jta.platform.internal.JtaPlatformInitiator [main] HHH000490: Using JtaPlatform implementation: [org.hibernate.engine.transaction.jta.platform.internal.NoJtaPlatform]
2022-11-04 21:57:16,961 INFO org.springframework.orm.jpa.AbstractEntityManagerFactoryBean [main] Initialized JPA EntityManagerFactory for persistence unit 'default'
2022-11-04 21:57:17,266 WARN org.springframework.boot.autoconfigure.orm.jpa.JpaBaseConfiguration$JpaWebConfiguration [main] spring.jpa.open-in-view is enabled by default. Therefore, database queries may be performed during view rendering. Explicitly configure spring.jpa.open-in-view to disable this warning
2022-11-04 21:57:17,532 INFO org.apache.juli.logging.DirectJDKLog [main] Starting ProtocolHandler ["http-nio-7071"]
2022-11-04 21:57:17,556 INFO org.springframework.boot.web.embedded.tomcat.TomcatWebServer [main] Tomcat started on port(s): 7071 (http) with context path ''
2022-11-04 21:57:17,563 INFO org.springframework.boot.StartupInfoLogger [main] Started CheckBalanceApplication in 3.624 seconds (JVM running for 3.942)
2022-11-04 21:57:32,783 INFO org.apache.juli.logging.DirectJDKLog [http-nio-7071-exec-1] Initializing Spring DispatcherServlet 'dispatcherServlet'
2022-11-04 21:57:32,783 INFO org.springframework.web.servlet.FrameworkServlet [http-nio-7071-exec-1] Initializing Servlet 'dispatcherServlet'
2022-11-04 21:57:32,784 INFO org.springframework.web.servlet.FrameworkServlet [http-nio-7071-exec-1] Completed initialization in 0 ms
2022-11-04 21:57:46,830 INFO com.sales.ccg.checkBalance.controller.BalanceController [http-nio-7071-exec-2] Request checkOrderBalance ::: OrderBalanceRequestDTO [governorate=1, products=[{"quantity":1.0,"sku":2021100794,"type":null}]]
2022-11-04 22:01:08,003 INFO org.springframework.boot.StartupInfoLogger [main] Starting CheckBalanceApplication using Java 1.8.0_65 on DEV-Ahmedabbas with PID 17168 (E:\workspace\check-balance\target\classes started by DEV in E:\workspace\check-balance)
2022-11-04 22:01:08,006 INFO org.springframework.boot.SpringApplication [main] No active profile set, falling back to 1 default profile: "default"
2022-11-04 22:01:08,552 INFO org.springframework.data.repository.config.RepositoryConfigurationDelegate [main] Bootstrapping Spring Data JPA repositories in DEFAULT mode.
2022-11-04 22:01:08,597 INFO org.springframework.data.repository.config.RepositoryConfigurationDelegate [main] Finished Spring Data repository scanning in 36 ms. Found 1 JPA repository interfaces.
2022-11-04 22:01:09,157 INFO org.springframework.boot.web.embedded.tomcat.TomcatWebServer [main] Tomcat initialized with port(s): 7071 (http)
2022-11-04 22:01:09,167 INFO org.apache.juli.logging.DirectJDKLog [main] Initializing ProtocolHandler ["http-nio-7071"]
2022-11-04 22:01:09,167 INFO org.apache.juli.logging.DirectJDKLog [main] Starting service [Tomcat]
2022-11-04 22:01:09,167 INFO org.apache.juli.logging.DirectJDKLog [main] Starting Servlet engine: [Apache Tomcat/9.0.58]
2022-11-04 22:01:09,249 INFO org.apache.juli.logging.DirectJDKLog [main] Initializing Spring embedded WebApplicationContext
2022-11-04 22:01:09,249 INFO org.springframework.boot.web.servlet.context.ServletWebServerApplicationContext [main] Root WebApplicationContext: initialization completed in 1189 ms
2022-11-04 22:01:09,459 INFO com.zaxxer.hikari.HikariDataSource [main] HikariPool-1 - Starting...
2022-11-04 22:01:09,624 INFO com.zaxxer.hikari.HikariDataSource [main] HikariPool-1 - Start completed.
2022-11-04 22:01:09,668 INFO org.hibernate.jpa.internal.util.LogHelper [main] HHH000204: Processing PersistenceUnitInfo [name: default]
2022-11-04 22:01:09,718 INFO org.hibernate.Version [main] HHH000412: Hibernate ORM core version 5.6.5.Final
2022-11-04 22:01:09,876 INFO org.hibernate.annotations.common.reflection.java.JavaReflectionManager [main] HCANN000001: Hibernate Commons Annotations {5.1.2.Final}
2022-11-04 22:01:09,980 INFO org.hibernate.dialect.Dialect [main] HHH000400: Using dialect: org.hibernate.dialect.Oracle10gDialect
2022-11-04 22:01:10,587 INFO org.hibernate.engine.transaction.jta.platform.internal.JtaPlatformInitiator [main] HHH000490: Using JtaPlatform implementation: [org.hibernate.engine.transaction.jta.platform.internal.NoJtaPlatform]
2022-11-04 22:01:10,595 INFO org.springframework.orm.jpa.AbstractEntityManagerFactoryBean [main] Initialized JPA EntityManagerFactory for persistence unit 'default'
2022-11-04 22:01:10,890 WARN org.springframework.boot.autoconfigure.orm.jpa.JpaBaseConfiguration$JpaWebConfiguration [main] spring.jpa.open-in-view is enabled by default. Therefore, database queries may be performed during view rendering. Explicitly configure spring.jpa.open-in-view to disable this warning
2022-11-04 22:01:11,177 INFO org.apache.juli.logging.DirectJDKLog [main] Starting ProtocolHandler ["http-nio-7071"]
2022-11-04 22:01:11,199 INFO org.springframework.boot.web.embedded.tomcat.TomcatWebServer [main] Tomcat started on port(s): 7071 (http) with context path ''
2022-11-04 22:01:11,206 INFO org.springframework.boot.StartupInfoLogger [main] Started CheckBalanceApplication in 3.628 seconds (JVM running for 3.95)
2022-11-04 22:02:55,422 INFO org.springframework.boot.StartupInfoLogger [main] Starting CheckBalanceApplication using Java 1.8.0_65 on DEV-Ahmedabbas with PID 10552 (E:\workspace\check-balance\target\classes started by DEV in E:\workspace\check-balance)
2022-11-04 22:02:55,425 INFO org.springframework.boot.SpringApplication [main] No active profile set, falling back to 1 default profile: "default"
2022-11-04 22:02:55,956 INFO org.springframework.data.repository.config.RepositoryConfigurationDelegate [main] Bootstrapping Spring Data JPA repositories in DEFAULT mode.
2022-11-04 22:02:56,001 INFO org.springframework.data.repository.config.RepositoryConfigurationDelegate [main] Finished Spring Data repository scanning in 37 ms. Found 1 JPA repository interfaces.
2022-11-04 22:02:56,562 INFO org.springframework.boot.web.embedded.tomcat.TomcatWebServer [main] Tomcat initialized with port(s): 7071 (http)
2022-11-04 22:02:56,572 INFO org.apache.juli.logging.DirectJDKLog [main] Initializing ProtocolHandler ["http-nio-7071"]
2022-11-04 22:02:56,573 INFO org.apache.juli.logging.DirectJDKLog [main] Starting service [Tomcat]
2022-11-04 22:02:56,573 INFO org.apache.juli.logging.DirectJDKLog [main] Starting Servlet engine: [Apache Tomcat/9.0.58]
2022-11-04 22:02:56,659 INFO org.apache.juli.logging.DirectJDKLog [main] Initializing Spring embedded WebApplicationContext
2022-11-04 22:02:56,659 INFO org.springframework.boot.web.servlet.context.ServletWebServerApplicationContext [main] Root WebApplicationContext: initialization completed in 1181 ms
2022-11-04 22:02:56,872 INFO com.zaxxer.hikari.HikariDataSource [main] HikariPool-1 - Starting...
2022-11-04 22:02:57,039 INFO com.zaxxer.hikari.HikariDataSource [main] HikariPool-1 - Start completed.
2022-11-04 22:02:57,085 INFO org.hibernate.jpa.internal.util.LogHelper [main] HHH000204: Processing PersistenceUnitInfo [name: default]
2022-11-04 22:02:57,136 INFO org.hibernate.Version [main] HHH000412: Hibernate ORM core version 5.6.5.Final
2022-11-04 22:02:57,298 INFO org.hibernate.annotations.common.reflection.java.JavaReflectionManager [main] HCANN000001: Hibernate Commons Annotations {5.1.2.Final}
2022-11-04 22:02:57,399 INFO org.hibernate.dialect.Dialect [main] HHH000400: Using dialect: org.hibernate.dialect.Oracle10gDialect
2022-11-04 22:02:57,955 INFO org.hibernate.engine.transaction.jta.platform.internal.JtaPlatformInitiator [main] HHH000490: Using JtaPlatform implementation: [org.hibernate.engine.transaction.jta.platform.internal.NoJtaPlatform]
2022-11-04 22:02:57,963 INFO org.springframework.orm.jpa.AbstractEntityManagerFactoryBean [main] Initialized JPA EntityManagerFactory for persistence unit 'default'
2022-11-04 22:02:58,252 WARN org.springframework.boot.autoconfigure.orm.jpa.JpaBaseConfiguration$JpaWebConfiguration [main] spring.jpa.open-in-view is enabled by default. Therefore, database queries may be performed during view rendering. Explicitly configure spring.jpa.open-in-view to disable this warning
2022-11-04 22:02:58,517 INFO org.apache.juli.logging.DirectJDKLog [main] Starting ProtocolHandler ["http-nio-7071"]
2022-11-04 22:02:58,534 INFO org.springframework.boot.web.embedded.tomcat.TomcatWebServer [main] Tomcat started on port(s): 7071 (http) with context path ''
2022-11-04 22:02:58,541 INFO org.springframework.boot.StartupInfoLogger [main] Started CheckBalanceApplication in 3.553 seconds (JVM running for 3.873)
2022-11-04 22:03:02,644 INFO org.apache.juli.logging.DirectJDKLog [http-nio-7071-exec-2] Initializing Spring DispatcherServlet 'dispatcherServlet'
2022-11-04 22:03:02,644 INFO org.springframework.web.servlet.FrameworkServlet [http-nio-7071-exec-2] Initializing Servlet 'dispatcherServlet'
2022-11-04 22:03:02,645 INFO org.springframework.web.servlet.FrameworkServlet [http-nio-7071-exec-2] Completed initialization in 1 ms
2022-11-04 22:03:33,940 INFO com.sales.ccg.checkBalance.controller.BalanceController [http-nio-7071-exec-4] Request checkOrderBalance ::: OrderBalanceRequestDTO [governorate=1, products=[{"quantity":1.0,"sku":2021100794,"type":null}]]
2022-11-04 22:03:40,076 INFO com.sales.ccg.checkBalance.controller.BalanceController [http-nio-7071-exec-5] Request checkOrderBalance ::: OrderBalanceRequestDTO [governorate=1, products=[{"quantity":1.0,"sku":2021100794,"type":null}]]
2022-11-04 22:03:41,793 INFO com.sales.ccg.checkBalance.controller.BalanceController [http-nio-7071-exec-6] Request checkOrderBalance ::: OrderBalanceRequestDTO [governorate=1, products=[{"quantity":1.0,"sku":2021100794,"type":null}]]
2022-11-04 22:03:47,348 INFO com.sales.ccg.checkBalance.controller.BalanceController [http-nio-7071-exec-7] Request checkOrderBalance ::: OrderBalanceRequestDTO [governorate=1, products=[{"quantity":1.0,"sku":2021100794,"type":null}]]
2022-11-04 22:04:27,802 INFO org.springframework.boot.StartupInfoLogger [main] Starting CheckBalanceApplicationTests using Java 1.8.0_65 on DEV-Ahmedabbas with PID 13720 (started by DEV in E:\workspace\check-balance)
2022-11-04 22:04:27,803 INFO org.springframework.boot.SpringApplication [main] No active profile set, falling back to 1 default profile: "default"
2022-11-04 22:04:28,335 INFO org.springframework.data.repository.config.RepositoryConfigurationDelegate [main] Bootstrapping Spring Data JPA repositories in DEFAULT mode.
2022-11-04 22:04:28,379 INFO org.springframework.data.repository.config.RepositoryConfigurationDelegate [main] Finished Spring Data repository scanning in 37 ms. Found 1 JPA repository interfaces.
2022-11-04 22:04:28,876 INFO com.zaxxer.hikari.HikariDataSource [main] HikariPool-1 - Starting...
2022-11-04 22:04:29,139 INFO com.zaxxer.hikari.HikariDataSource [main] HikariPool-1 - Start completed.
2022-11-04 22:04:29,200 INFO org.hibernate.jpa.internal.util.LogHelper [main] HHH000204: Processing PersistenceUnitInfo [name: default]
2022-11-04 22:04:29,256 INFO org.hibernate.Version [main] HHH000412: Hibernate ORM core version 5.6.5.Final
2022-11-04 22:04:29,435 INFO org.hibernate.annotations.common.reflection.java.JavaReflectionManager [main] HCANN000001: Hibernate Commons Annotations {5.1.2.Final}
2022-11-04 22:04:29,549 INFO org.hibernate.dialect.Dialect [main] HHH000400: Using dialect: org.hibernate.dialect.Oracle10gDialect
2022-11-04 22:04:30,145 INFO org.hibernate.engine.transaction.jta.platform.internal.JtaPlatformInitiator [main] HHH000490: Using JtaPlatform implementation: [org.hibernate.engine.transaction.jta.platform.internal.NoJtaPlatform]
2022-11-04 22:04:30,154 INFO org.springframework.orm.jpa.AbstractEntityManagerFactoryBean [main] Initialized JPA EntityManagerFactory for persistence unit 'default'
2022-11-04 22:04:30,650 WARN org.springframework.boot.autoconfigure.orm.jpa.JpaBaseConfiguration$JpaWebConfiguration [main] spring.jpa.open-in-view is enabled by default. Therefore, database queries may be performed during view rendering. Explicitly configure spring.jpa.open-in-view to disable this warning
2022-11-04 22:04:31,285 INFO org.springframework.boot.StartupInfoLogger [main] Started CheckBalanceApplicationTests in 3.805 seconds (JVM running for 4.65)
2022-11-04 22:04:31,404 INFO org.springframework.orm.jpa.AbstractEntityManagerFactoryBean [SpringApplicationShutdownHook] Closing JPA EntityManagerFactory for persistence unit 'default'
2022-11-04 22:04:31,406 INFO com.zaxxer.hikari.HikariDataSource [SpringApplicationShutdownHook] HikariPool-1 - Shutdown initiated...
2022-11-04 22:04:31,427 INFO com.zaxxer.hikari.HikariDataSource [SpringApplicationShutdownHook] HikariPool-1 - Shutdown completed.
2022-11-04 22:04:47,751 INFO org.springframework.boot.StartupInfoLogger [main] Starting CheckBalanceApplication using Java 1.8.0_65 on DEV-Ahmedabbas with PID 10400 (E:\workspace\check-balance\target\classes started by DEV in E:\workspace\check-balance)
2022-11-04 22:04:47,754 INFO org.springframework.boot.SpringApplication [main] No active profile set, falling back to 1 default profile: "default"
2022-11-04 22:04:48,282 INFO org.springframework.data.repository.config.RepositoryConfigurationDelegate [main] Bootstrapping Spring Data JPA repositories in DEFAULT mode.
2022-11-04 22:04:48,328 INFO org.springframework.data.repository.config.RepositoryConfigurationDelegate [main] Finished Spring Data repository scanning in 38 ms. Found 1 JPA repository interfaces.
2022-11-04 22:04:48,889 INFO org.springframework.boot.web.embedded.tomcat.TomcatWebServer [main] Tomcat initialized with port(s): 7071 (http)
2022-11-04 22:04:48,899 INFO org.apache.juli.logging.DirectJDKLog [main] Initializing ProtocolHandler ["http-nio-7071"]
2022-11-04 22:04:48,900 INFO org.apache.juli.logging.DirectJDKLog [main] Starting service [Tomcat]
2022-11-04 22:04:48,900 INFO org.apache.juli.logging.DirectJDKLog [main] Starting Servlet engine: [Apache Tomcat/9.0.58]
2022-11-04 22:04:48,987 INFO org.apache.juli.logging.DirectJDKLog [main] Initializing Spring embedded WebApplicationContext
2022-11-04 22:04:48,987 INFO org.springframework.boot.web.servlet.context.ServletWebServerApplicationContext [main] Root WebApplicationContext: initialization completed in 1179 ms
2022-11-04 22:04:49,202 INFO com.zaxxer.hikari.HikariDataSource [main] HikariPool-1 - Starting...
2022-11-04 22:04:49,371 INFO com.zaxxer.hikari.HikariDataSource [main] HikariPool-1 - Start completed.
2022-11-04 22:04:49,413 INFO org.hibernate.jpa.internal.util.LogHelper [main] HHH000204: Processing PersistenceUnitInfo [name: default]
2022-11-04 22:04:49,464 INFO org.hibernate.Version [main] HHH000412: Hibernate ORM core version 5.6.5.Final
2022-11-04 22:04:49,622 INFO org.hibernate.annotations.common.reflection.java.JavaReflectionManager [main] HCANN000001: Hibernate Commons Annotations {5.1.2.Final}
2022-11-04 22:04:49,727 INFO org.hibernate.dialect.Dialect [main] HHH000400: Using dialect: org.hibernate.dialect.Oracle10gDialect
2022-11-04 22:04:50,316 INFO org.hibernate.engine.transaction.jta.platform.internal.JtaPlatformInitiator [main] HHH000490: Using JtaPlatform implementation: [org.hibernate.engine.transaction.jta.platform.internal.NoJtaPlatform]
2022-11-04 22:04:50,325 INFO org.springframework.orm.jpa.AbstractEntityManagerFactoryBean [main] Initialized JPA EntityManagerFactory for persistence unit 'default'
2022-11-04 22:04:50,632 WARN org.springframework.boot.autoconfigure.orm.jpa.JpaBaseConfiguration$JpaWebConfiguration [main] spring.jpa.open-in-view is enabled by default. Therefore, database queries may be performed during view rendering. Explicitly configure spring.jpa.open-in-view to disable this warning
2022-11-04 22:04:50,893 INFO org.apache.juli.logging.DirectJDKLog [main] Starting ProtocolHandler ["http-nio-7071"]
2022-11-04 22:04:50,911 INFO org.springframework.boot.web.embedded.tomcat.TomcatWebServer [main] Tomcat started on port(s): 7071 (http) with context path ''
2022-11-04 22:04:50,917 INFO org.springframework.boot.StartupInfoLogger [main] Started CheckBalanceApplication in 3.591 seconds (JVM running for 3.906)
2022-11-04 22:05:51,968 INFO org.apache.juli.logging.DirectJDKLog [http-nio-7071-exec-1] Initializing Spring DispatcherServlet 'dispatcherServlet'
2022-11-04 22:05:51,968 INFO org.springframework.web.servlet.FrameworkServlet [http-nio-7071-exec-1] Initializing Servlet 'dispatcherServlet'
2022-11-04 22:05:51,969 INFO org.springframework.web.servlet.FrameworkServlet [http-nio-7071-exec-1] Completed initialization in 0 ms
2022-11-04 22:05:52,103 INFO com.sales.ccg.checkBalance.controller.BalanceController [http-nio-7071-exec-1] Request checkOrderBalance ::: OrderBalanceRequestDTO [governorate=1, products=[{"quantity":1.0,"sku":2021100794,"type":null}]]
2022-11-04 22:06:11,117 INFO com.sales.ccg.checkBalance.controller.BalanceController [http-nio-7071-exec-2] Request checkOrderBalance ::: OrderBalanceRequestDTO [governorate=1, products=[{"quantity":1.0,"sku":2021100794,"type":null}]]
2022-11-04 22:06:17,559 INFO com.sales.ccg.checkBalance.controller.BalanceController [http-nio-7071-exec-3] Request checkOrderBalance ::: OrderBalanceRequestDTO [governorate=1, products=[{"quantity":1.0,"sku":2021100794,"type":null}]]
2022-11-04 22:06:18,592 INFO com.sales.ccg.checkBalance.controller.BalanceController [http-nio-7071-exec-4] Request checkOrderBalance ::: OrderBalanceRequestDTO [governorate=1, products=[{"quantity":1.0,"sku":2021100794,"type":null}]]
2022-11-04 22:06:32,257 INFO com.sales.ccg.checkBalance.controller.BalanceController [http-nio-7071-exec-5] Request checkOrderBalance ::: OrderBalanceRequestDTO [governorate=1, products=[{"quantity":1.0,"sku":2021100794,"type":null}]]
2022-11-04 22:06:53,323 INFO com.sales.ccg.checkBalance.controller.BalanceController [http-nio-7071-exec-6] Request checkOrderBalance ::: OrderBalanceRequestDTO [governorate=1, products=[{"quantity":1.0,"sku":2021100794,"type":"SP"}]]
2022-11-04 22:07:02,092 INFO com.sales.ccg.checkBalance.controller.BalanceController [http-nio-7071-exec-7] Request checkOrderBalance ::: OrderBalanceRequestDTO [governorate=1, products=[{"quantity":1.0,"sku":2021100794,"type":"C"}]]
2022-11-04 22:07:32,782 INFO com.sales.ccg.checkBalance.controller.BalanceController [http-nio-7071-exec-8] Request checkOrderBalance ::: OrderBalanceRequestDTO [governorate=1, products=[{"quantity":1.0,"sku":202030013,"type":"SP"}]]
2022-11-04 22:07:39,350 INFO com.sales.ccg.checkBalance.controller.BalanceController [http-nio-7071-exec-9] Request checkOrderBalance ::: OrderBalanceRequestDTO [governorate=1, products=[{"quantity":1.0,"sku":202030013,"type":"SP"}]]
2022-11-04 22:39:02,762 INFO org.springframework.boot.StartupInfoLogger [main] Starting CheckBalanceApplicationTests using Java 1.8.0_65 on DEV-Ahmedabbas with PID 8760 (started by DEV in E:\workspace\check-balance)
2022-11-04 22:39:02,763 INFO org.springframework.boot.SpringApplication [main] No active profile set, falling back to 1 default profile: "default"
2022-11-04 22:39:03,304 INFO org.springframework.data.repository.config.RepositoryConfigurationDelegate [main] Bootstrapping Spring Data JPA repositories in DEFAULT mode.
2022-11-04 22:39:03,350 INFO org.springframework.data.repository.config.RepositoryConfigurationDelegate [main] Finished Spring Data repository scanning in 37 ms. Found 1 JPA repository interfaces.
2022-11-04 22:39:03,853 INFO com.zaxxer.hikari.HikariDataSource [main] HikariPool-1 - Starting...
2022-11-04 22:39:04,119 INFO com.zaxxer.hikari.HikariDataSource [main] HikariPool-1 - Start completed.
2022-11-04 22:39:04,180 INFO org.hibernate.jpa.internal.util.LogHelper [main] HHH000204: Processing PersistenceUnitInfo [name: default]
2022-11-04 22:39:04,235 INFO org.hibernate.Version [main] HHH000412: Hibernate ORM core version 5.6.5.Final
2022-11-04 22:39:04,415 INFO org.hibernate.annotations.common.reflection.java.JavaReflectionManager [main] HCANN000001: Hibernate Commons Annotations {5.1.2.Final}
2022-11-04 22:39:04,526 INFO org.hibernate.dialect.Dialect [main] HHH000400: Using dialect: org.hibernate.dialect.Oracle10gDialect
2022-11-04 22:39:05,137 INFO org.hibernate.engine.transaction.jta.platform.internal.JtaPlatformInitiator [main] HHH000490: Using JtaPlatform implementation: [org.hibernate.engine.transaction.jta.platform.internal.NoJtaPlatform]
2022-11-04 22:39:05,146 INFO org.springframework.orm.jpa.AbstractEntityManagerFactoryBean [main] Initialized JPA EntityManagerFactory for persistence unit 'default'
2022-11-04 22:39:05,656 WARN org.springframework.boot.autoconfigure.orm.jpa.JpaBaseConfiguration$JpaWebConfiguration [main] spring.jpa.open-in-view is enabled by default. Therefore, database queries may be performed during view rendering. Explicitly configure spring.jpa.open-in-view to disable this warning
2022-11-04 22:39:06,188 INFO org.springframework.boot.StartupInfoLogger [main] Started CheckBalanceApplicationTests in 3.732 seconds (JVM running for 4.555)
2022-11-04 22:39:06,291 INFO org.springframework.orm.jpa.AbstractEntityManagerFactoryBean [SpringApplicationShutdownHook] Closing JPA EntityManagerFactory for persistence unit 'default'
2022-11-04 22:39:06,293 INFO com.zaxxer.hikari.HikariDataSource [SpringApplicationShutdownHook] HikariPool-1 - Shutdown initiated...
2022-11-04 22:39:06,308 INFO com.zaxxer.hikari.HikariDataSource [SpringApplicationShutdownHook] HikariPool-1 - Shutdown completed.
